mode: atomic
github.com/layer5io/meshery/mesheryctl/internal/cli/root/config/config.go:64.63,68.16 3 0
github.com/layer5io/meshery/mesheryctl/internal/cli/root/config/config.go:68.16,70.3 1 0
github.com/layer5io/meshery/mesheryctl/internal/cli/root/config/config.go:71.2,71.15 1 0
github.com/layer5io/meshery/mesheryctl/internal/cli/root/config/config.go:75.65,78.16 3 10
github.com/layer5io/meshery/mesheryctl/internal/cli/root/config/config.go:78.16,80.3 1 10
github.com/layer5io/meshery/mesheryctl/internal/cli/root/config/config.go:82.2,82.12 1 0
github.com/layer5io/meshery/mesheryctl/internal/cli/root/config/config.go:86.78,87.29 1 0
github.com/layer5io/meshery/mesheryctl/internal/cli/root/config/config.go:87.29,89.3 1 0
github.com/layer5io/meshery/mesheryctl/internal/cli/root/config/config.go:91.2,92.12 2 0
github.com/layer5io/meshery/mesheryctl/internal/cli/root/config/config.go:92.12,94.3 1 0
github.com/layer5io/meshery/mesheryctl/internal/cli/root/config/config.go:96.2,96.91 1 0
github.com/layer5io/meshery/mesheryctl/internal/cli/root/config/config.go:98.87,100.12 2 0
github.com/layer5io/meshery/mesheryctl/internal/cli/root/config/config.go:100.12,102.3 1 0
github.com/layer5io/meshery/mesheryctl/internal/cli/root/config/config.go:104.2,104.70 1 0
github.com/layer5io/meshery/mesheryctl/internal/cli/root/config/config.go:108.56,110.16 2 0
github.com/layer5io/meshery/mesheryctl/internal/cli/root/config/config.go:110.16,112.3 1 0
github.com/layer5io/meshery/mesheryctl/internal/cli/root/config/config.go:114.2,114.32 1 0
github.com/layer5io/meshery/mesheryctl/internal/cli/root/config/config.go:117.60,119.2 1 20
github.com/layer5io/meshery/mesheryctl/internal/cli/root/config/config.go:122.67,124.16 2 0
github.com/layer5io/meshery/mesheryctl/internal/cli/root/config/config.go:124.16,126.3 1 0
github.com/layer5io/meshery/mesheryctl/internal/cli/root/config/config.go:128.2,128.28 1 0
github.com/layer5io/meshery/mesheryctl/internal/cli/root/config/config.go:132.71,134.16 2 0
github.com/layer5io/meshery/mesheryctl/internal/cli/root/config/config.go:134.16,136.3 1 0
github.com/layer5io/meshery/mesheryctl/internal/cli/root/config/config.go:138.2,138.21 1 0
github.com/layer5io/meshery/mesheryctl/internal/cli/root/config/config.go:142.73,143.23 1 0
github.com/layer5io/meshery/mesheryctl/internal/cli/root/config/config.go:143.23,145.3 1 0
github.com/layer5io/meshery/mesheryctl/internal/cli/root/config/config.go:146.2,147.16 2 0
github.com/layer5io/meshery/mesheryctl/internal/cli/root/config/config.go:147.16,149.3 1 0
github.com/layer5io/meshery/mesheryctl/internal/cli/root/config/config.go:151.2,151.12 1 0
github.com/layer5io/meshery/mesheryctl/internal/cli/root/config/config.go:156.83,158.9 2 0
github.com/layer5io/meshery/mesheryctl/internal/cli/root/config/config.go:158.9,160.3 1 0
github.com/layer5io/meshery/mesheryctl/internal/cli/root/config/config.go:162.2,162.30 1 0
github.com/layer5io/meshery/mesheryctl/internal/cli/root/config/config.go:162.30,163.26 1 0
github.com/layer5io/meshery/mesheryctl/internal/cli/root/config/config.go:163.26,165.4 1 0
github.com/layer5io/meshery/mesheryctl/internal/cli/root/config/config.go:168.2,168.83 1 0
github.com/layer5io/meshery/mesheryctl/internal/cli/root/config/config.go:172.50,174.2 1 0
github.com/layer5io/meshery/mesheryctl/internal/cli/root/config/config.go:177.42,179.2 1 20
github.com/layer5io/meshery/mesheryctl/internal/cli/root/config/config.go:182.50,184.2 1 20
github.com/layer5io/meshery/mesheryctl/internal/cli/root/config/config.go:187.39,189.2 1 20
github.com/layer5io/meshery/mesheryctl/internal/cli/root/config/config.go:192.44,194.2 1 20
github.com/layer5io/meshery/mesheryctl/internal/cli/root/config/config.go:197.42,199.2 1 20
github.com/layer5io/meshery/mesheryctl/internal/cli/root/config/config.go:202.50,204.2 1 20
github.com/layer5io/meshery/mesheryctl/internal/cli/root/config/config.go:207.46,209.2 1 2
github.com/layer5io/meshery/mesheryctl/internal/cli/root/config/config.go:212.41,214.2 1 20
github.com/layer5io/meshery/mesheryctl/internal/cli/root/config/config.go:217.48,219.2 1 20
github.com/layer5io/meshery/mesheryctl/internal/cli/root/config/config.go:222.41,224.2 1 20
github.com/layer5io/meshery/mesheryctl/internal/cli/root/config/config.go:227.48,229.2 1 20
github.com/layer5io/meshery/mesheryctl/internal/cli/root/config/config.go:232.45,233.23 1 0
github.com/layer5io/meshery/mesheryctl/internal/cli/root/config/config.go:233.23,236.3 2 0
github.com/layer5io/meshery/mesheryctl/internal/cli/root/config/config.go:238.2,238.29 1 0
github.com/layer5io/meshery/mesheryctl/internal/cli/root/config/config.go:238.29,240.3 1 0
github.com/layer5io/meshery/mesheryctl/internal/cli/root/config/config.go:242.2,244.16 3 0
github.com/layer5io/meshery/mesheryctl/internal/cli/root/config/config.go:244.16,246.3 1 0
github.com/layer5io/meshery/mesheryctl/internal/cli/root/config/config.go:247.2,249.16 3 0
github.com/layer5io/meshery/mesheryctl/internal/cli/root/config/config.go:249.16,251.3 1 0
github.com/layer5io/meshery/mesheryctl/internal/cli/root/config/config.go:253.2,253.15 1 0
github.com/layer5io/meshery/mesheryctl/internal/cli/root/config/config.go:253.15,254.45 1 0
github.com/layer5io/meshery/mesheryctl/internal/cli/root/config/config.go:254.45,256.4 1 0
github.com/layer5io/meshery/mesheryctl/internal/cli/root/config/config.go:259.2,259.28 1 0
github.com/layer5io/meshery/mesheryctl/internal/cli/root/config/config.go:259.28,261.3 1 0
github.com/layer5io/meshery/mesheryctl/internal/cli/root/config/config.go:263.2,263.38 1 0
github.com/layer5io/meshery/mesheryctl/internal/cli/root/config/config.go:263.38,265.3 1 0
github.com/layer5io/meshery/mesheryctl/internal/cli/root/config/config.go:267.2,267.16 1 0
github.com/layer5io/meshery/mesheryctl/internal/cli/root/config/config.go:267.16,269.3 1 0
github.com/layer5io/meshery/mesheryctl/internal/cli/root/config/config.go:271.2,271.12 1 0
github.com/layer5io/meshery/mesheryctl/internal/cli/root/config/config.go:275.42,277.2 1 20
github.com/layer5io/meshery/mesheryctl/internal/cli/root/config/config.go:280.50,282.2 1 10
github.com/layer5io/meshery/mesheryctl/internal/cli/root/config/config.go:285.34,287.2 1 0
github.com/layer5io/meshery/mesheryctl/internal/cli/root/config/config.go:290.38,291.32 1 10
github.com/layer5io/meshery/mesheryctl/internal/cli/root/config/config.go:291.32,293.3 1 0
github.com/layer5io/meshery/mesheryctl/internal/cli/root/config/config.go:296.2,296.41 1 10
github.com/layer5io/meshery/mesheryctl/internal/cli/root/config/config.go:296.41,298.17 2 0
github.com/layer5io/meshery/mesheryctl/internal/cli/root/config/config.go:298.17,300.4 1 0
github.com/layer5io/meshery/mesheryctl/internal/cli/root/config/config.go:301.3,301.44 1 0
github.com/layer5io/meshery/mesheryctl/internal/cli/root/config/config.go:306.2,307.16 2 10
github.com/layer5io/meshery/mesheryctl/internal/cli/root/config/config.go:307.16,309.3 1 0
github.com/layer5io/meshery/mesheryctl/internal/cli/root/config/config.go:311.2,311.52 1 10
github.com/layer5io/meshery/mesheryctl/internal/cli/root/config/config.go:315.38,317.2 1 10
github.com/layer5io/meshery/mesheryctl/internal/cli/root/config/config.go:320.46,322.2 1 10
github.com/layer5io/meshery/mesheryctl/internal/cli/root/config/config.go:325.37,327.2 1 10
github.com/layer5io/meshery/mesheryctl/internal/cli/root/config/config.go:330.41,332.2 1 10
github.com/layer5io/meshery/mesheryctl/internal/cli/root/config/config.go:335.61,336.55 1 0
github.com/layer5io/meshery/mesheryctl/internal/cli/root/config/config.go:336.55,338.3 1 0
github.com/layer5io/meshery/mesheryctl/internal/cli/root/config/config.go:340.2,342.16 3 0
github.com/layer5io/meshery/mesheryctl/internal/cli/root/config/config.go:342.16,344.3 1 0
github.com/layer5io/meshery/mesheryctl/internal/cli/root/config/config.go:346.2,347.16 2 0
github.com/layer5io/meshery/mesheryctl/internal/cli/root/config/config.go:347.16,349.3 1 0
github.com/layer5io/meshery/mesheryctl/internal/cli/root/config/config.go:351.2,351.27 1 0
github.com/layer5io/meshery/mesheryctl/internal/cli/root/config/config.go:351.27,353.3 1 0
github.com/layer5io/meshery/mesheryctl/internal/cli/root/config/config.go:355.2,355.32 1 0
github.com/layer5io/meshery/mesheryctl/internal/cli/root/config/config.go:355.32,356.43 1 0
github.com/layer5io/meshery/mesheryctl/internal/cli/root/config/config.go:356.43,358.4 1 0
github.com/layer5io/meshery/mesheryctl/internal/cli/root/config/config.go:361.2,368.16 6 0
github.com/layer5io/meshery/mesheryctl/internal/cli/root/config/config.go:368.16,370.3 1 0
github.com/layer5io/meshery/mesheryctl/internal/cli/root/config/config.go:372.2,372.12 1 0
github.com/layer5io/meshery/mesheryctl/internal/cli/root/config/config.go:376.71,377.55 1 0
github.com/layer5io/meshery/mesheryctl/internal/cli/root/config/config.go:377.55,379.3 1 0
github.com/layer5io/meshery/mesheryctl/internal/cli/root/config/config.go:381.2,383.16 3 0
github.com/layer5io/meshery/mesheryctl/internal/cli/root/config/config.go:383.16,385.3 1 0
github.com/layer5io/meshery/mesheryctl/internal/cli/root/config/config.go:387.2,388.16 2 0
github.com/layer5io/meshery/mesheryctl/internal/cli/root/config/config.go:388.16,390.3 1 0
github.com/layer5io/meshery/mesheryctl/internal/cli/root/config/config.go:392.2,392.27 1 0
github.com/layer5io/meshery/mesheryctl/internal/cli/root/config/config.go:392.27,394.3 1 0
github.com/layer5io/meshery/mesheryctl/internal/cli/root/config/config.go:396.2,396.32 1 0
github.com/layer5io/meshery/mesheryctl/internal/cli/root/config/config.go:396.32,397.42 1 0
github.com/layer5io/meshery/mesheryctl/internal/cli/root/config/config.go:397.42,403.18 6 0
github.com/layer5io/meshery/mesheryctl/internal/cli/root/config/config.go:403.18,405.5 1 0
github.com/layer5io/meshery/mesheryctl/internal/cli/root/config/config.go:406.4,406.14 1 0
github.com/layer5io/meshery/mesheryctl/internal/cli/root/config/config.go:410.2,410.43 1 0
github.com/layer5io/meshery/mesheryctl/internal/cli/root/config/config.go:413.82,414.55 1 0
github.com/layer5io/meshery/mesheryctl/internal/cli/root/config/config.go:414.55,416.3 1 0
github.com/layer5io/meshery/mesheryctl/internal/cli/root/config/config.go:418.2,420.16 3 0
github.com/layer5io/meshery/mesheryctl/internal/cli/root/config/config.go:420.16,422.3 1 0
github.com/layer5io/meshery/mesheryctl/internal/cli/root/config/config.go:424.2,425.16 2 0
github.com/layer5io/meshery/mesheryctl/internal/cli/root/config/config.go:425.16,427.3 1 0
github.com/layer5io/meshery/mesheryctl/internal/cli/root/config/config.go:428.2,429.16 2 0
github.com/layer5io/meshery/mesheryctl/internal/cli/root/config/config.go:429.16,431.3 1 0
github.com/layer5io/meshery/mesheryctl/internal/cli/root/config/config.go:432.2,434.16 3 0
github.com/layer5io/meshery/mesheryctl/internal/cli/root/config/config.go:434.16,436.3 1 0
github.com/layer5io/meshery/mesheryctl/internal/cli/root/config/config.go:437.2,437.12 1 0
github.com/layer5io/meshery/mesheryctl/internal/cli/root/config/config.go:442.113,443.55 1 0
github.com/layer5io/meshery/mesheryctl/internal/cli/root/config/config.go:443.55,445.3 1 0
github.com/layer5io/meshery/mesheryctl/internal/cli/root/config/config.go:447.2,449.16 3 0
github.com/layer5io/meshery/mesheryctl/internal/cli/root/config/config.go:449.16,451.3 1 0
github.com/layer5io/meshery/mesheryctl/internal/cli/root/config/config.go:453.2,454.16 2 0
github.com/layer5io/meshery/mesheryctl/internal/cli/root/config/config.go:454.16,456.3 1 0
github.com/layer5io/meshery/mesheryctl/internal/cli/root/config/config.go:458.2,458.29 1 0
github.com/layer5io/meshery/mesheryctl/internal/cli/root/config/config.go:458.29,460.3 1 0
github.com/layer5io/meshery/mesheryctl/internal/cli/root/config/config.go:462.2,463.26 2 0
github.com/layer5io/meshery/mesheryctl/internal/cli/root/config/config.go:463.26,465.3 1 0
github.com/layer5io/meshery/mesheryctl/internal/cli/root/config/config.go:467.2,468.9 2 0
github.com/layer5io/meshery/mesheryctl/internal/cli/root/config/config.go:468.9,470.3 1 0
github.com/layer5io/meshery/mesheryctl/internal/cli/root/config/config.go:472.2,477.16 5 0
github.com/layer5io/meshery/mesheryctl/internal/cli/root/config/config.go:477.16,479.3 1 0
github.com/layer5io/meshery/mesheryctl/internal/cli/root/config/config.go:481.2,481.12 1 0
github.com/layer5io/meshery/mesheryctl/internal/cli/root/completion.go:62.52,64.21 2 0
github.com/layer5io/meshery/mesheryctl/internal/cli/root/completion.go:64.21,66.4 1 0
github.com/layer5io/meshery/mesheryctl/internal/cli/root/completion.go:67.3,67.13 1 0
github.com/layer5io/meshery/mesheryctl/internal/cli/root/completion.go:71.54,72.18 1 0
github.com/layer5io/meshery/mesheryctl/internal/cli/root/completion.go:73.15,74.50 1 0
github.com/layer5io/meshery/mesheryctl/internal/cli/root/completion.go:75.14,76.49 1 0
github.com/layer5io/meshery/mesheryctl/internal/cli/root/completion.go:77.15,78.56 1 0
github.com/layer5io/meshery/mesheryctl/internal/cli/root/completion.go:79.11,80.92 1 0
github.com/layer5io/meshery/mesheryctl/internal/cli/root/error.go:41.43,43.2 1 0
github.com/layer5io/meshery/mesheryctl/internal/cli/root/error.go:45.45,47.2 1 0
github.com/layer5io/meshery/mesheryctl/internal/cli/root/error.go:49.48,51.2 1 0
github.com/layer5io/meshery/mesheryctl/internal/cli/root/error.go:53.45,55.2 1 0
github.com/layer5io/meshery/mesheryctl/internal/cli/root/error.go:57.47,59.2 1 0
github.com/layer5io/meshery/mesheryctl/internal/cli/root/root.go:61.54,62.21 1 0
github.com/layer5io/meshery/mesheryctl/internal/cli/root/root.go:62.21,64.4 1 0
github.com/layer5io/meshery/mesheryctl/internal/cli/root/root.go:66.3,66.72 1 0
github.com/layer5io/meshery/mesheryctl/internal/cli/root/root.go:66.72,68.4 1 0
github.com/layer5io/meshery/mesheryctl/internal/cli/root/root.go:70.3,70.13 1 0
github.com/layer5io/meshery/mesheryctl/internal/cli/root/root.go:76.22,83.2 4 0
github.com/layer5io/meshery/mesheryctl/internal/cli/root/root.go:85.13,87.16 2 1
github.com/layer5io/meshery/mesheryctl/internal/cli/root/root.go:87.16,89.3 1 0
github.com/layer5io/meshery/mesheryctl/internal/cli/root/root.go:91.2,114.45 7 1
github.com/layer5io/meshery/mesheryctl/internal/cli/root/root.go:117.32,119.2 1 0
github.com/layer5io/meshery/mesheryctl/internal/cli/root/root.go:122.19,127.40 3 0
github.com/layer5io/meshery/mesheryctl/internal/cli/root/root.go:127.40,131.3 1 0
github.com/layer5io/meshery/mesheryctl/internal/cli/root/root.go:131.8,133.46 2 0
github.com/layer5io/meshery/mesheryctl/internal/cli/root/root.go:133.46,135.4 1 0
github.com/layer5io/meshery/mesheryctl/internal/cli/root/root.go:136.3,136.25 1 0
github.com/layer5io/meshery/mesheryctl/internal/cli/root/root.go:136.25,138.4 1 0
github.com/layer5io/meshery/mesheryctl/internal/cli/root/root.go:141.3,141.70 1 0
github.com/layer5io/meshery/mesheryctl/internal/cli/root/root.go:141.70,143.58 1 0
github.com/layer5io/meshery/mesheryctl/internal/cli/root/root.go:143.58,144.27 1 0
github.com/layer5io/meshery/mesheryctl/internal/cli/root/root.go:144.27,146.20 2 0
github.com/layer5io/meshery/mesheryctl/internal/cli/root/root.go:146.20,148.7 1 0
github.com/layer5io/meshery/mesheryctl/internal/cli/root/root.go:153.4,154.18 2 0
github.com/layer5io/meshery/mesheryctl/internal/cli/root/root.go:154.18,156.5 1 0
github.com/layer5io/meshery/mesheryctl/internal/cli/root/root.go:159.4,160.18 2 0
github.com/layer5io/meshery/mesheryctl/internal/cli/root/root.go:160.18,162.5 1 0
github.com/layer5io/meshery/mesheryctl/internal/cli/root/root.go:165.4,166.18 2 0
github.com/layer5io/meshery/mesheryctl/internal/cli/root/root.go:166.18,168.5 1 0
github.com/layer5io/meshery/mesheryctl/internal/cli/root/root.go:170.4,173.7 1 0
github.com/layer5io/meshery/mesheryctl/internal/cli/root/root.go:175.3,175.47 1 0
github.com/layer5io/meshery/mesheryctl/internal/cli/root/root.go:178.2,181.45 2 0
github.com/layer5io/meshery/mesheryctl/internal/cli/root/root.go:181.45,183.3 1 0
github.com/layer5io/meshery/mesheryctl/internal/cli/root/root.go:187.19,190.13 2 0
github.com/layer5io/meshery/mesheryctl/internal/cli/root/root.go:190.13,192.3 1 0
github.com/layer5io/meshery/mesheryctl/internal/cli/root/root.go:195.20,197.2 1 0
github.com/layer5io/meshery/mesheryctl/internal/cli/root/version.go:54.57,57.17 3 0
github.com/layer5io/meshery/mesheryctl/internal/cli/root/version.go:57.17,62.20 4 0
github.com/layer5io/meshery/mesheryctl/internal/cli/root/version.go:62.20,66.19 3 0
github.com/layer5io/meshery/mesheryctl/internal/cli/root/version.go:66.19,68.6 1 0
github.com/layer5io/meshery/mesheryctl/internal/cli/root/version.go:71.5,72.19 2 0
github.com/layer5io/meshery/mesheryctl/internal/cli/root/version.go:72.19,74.6 1 0
github.com/layer5io/meshery/mesheryctl/internal/cli/root/version.go:77.5,78.19 2 0
github.com/layer5io/meshery/mesheryctl/internal/cli/root/version.go:78.19,80.6 1 0
github.com/layer5io/meshery/mesheryctl/internal/cli/root/version.go:82.5,88.19 3 0
github.com/layer5io/meshery/mesheryctl/internal/cli/root/version.go:88.19,90.6 1 0
github.com/layer5io/meshery/mesheryctl/internal/cli/root/version.go:91.5,92.19 2 0
github.com/layer5io/meshery/mesheryctl/internal/cli/root/version.go:92.19,94.6 1 0
github.com/layer5io/meshery/mesheryctl/internal/cli/root/version.go:95.5,96.19 2 0
github.com/layer5io/meshery/mesheryctl/internal/cli/root/version.go:96.19,98.6 1 0
github.com/layer5io/meshery/mesheryctl/internal/cli/root/version.go:99.5,99.15 1 0
github.com/layer5io/meshery/mesheryctl/internal/cli/root/version.go:101.4,101.116 1 0
github.com/layer5io/meshery/mesheryctl/internal/cli/root/version.go:103.3,104.17 2 0
github.com/layer5io/meshery/mesheryctl/internal/cli/root/version.go:104.17,106.4 1 0
github.com/layer5io/meshery/mesheryctl/internal/cli/root/version.go:107.3,108.17 2 0
github.com/layer5io/meshery/mesheryctl/internal/cli/root/version.go:108.17,110.4 1 0
github.com/layer5io/meshery/mesheryctl/internal/cli/root/version.go:111.3,111.13 1 0
github.com/layer5io/meshery/mesheryctl/internal/cli/root/version.go:113.47,129.17 8 0
github.com/layer5io/meshery/mesheryctl/internal/cli/root/version.go:129.17,133.4 3 0
github.com/layer5io/meshery/mesheryctl/internal/cli/root/version.go:135.3,139.17 4 0
github.com/layer5io/meshery/mesheryctl/internal/cli/root/version.go:139.17,143.4 3 0
github.com/layer5io/meshery/mesheryctl/internal/cli/root/version.go:146.3,148.17 3 0
github.com/layer5io/meshery/mesheryctl/internal/cli/root/version.go:148.17,152.4 3 0
github.com/layer5io/meshery/mesheryctl/internal/cli/root/version.go:154.3,155.17 2 0
github.com/layer5io/meshery/mesheryctl/internal/cli/root/version.go:155.17,159.4 3 0
github.com/layer5io/meshery/mesheryctl/internal/cli/root/version.go:161.3,163.35 3 0
github.com/layer5io/meshery/mesheryctl/internal/cli/root/version.go:167.49,172.16 3 0
github.com/layer5io/meshery/mesheryctl/internal/cli/root/version.go:172.16,175.3 2 0
github.com/layer5io/meshery/mesheryctl/internal/cli/root/version.go:176.2,176.19 1 0
github.com/layer5io/meshery/mesheryctl/internal/cli/root/version.go:176.19,179.3 2 0
github.com/layer5io/meshery/mesheryctl/internal/cli/root/version.go:180.2,182.16 2 0
github.com/layer5io/meshery/mesheryctl/internal/cli/root/version.go:182.16,184.3 1 0
github.com/layer5io/meshery/mesheryctl/internal/cli/root/version.go:184.8,186.3 1 0
github.com/layer5io/meshery/mesheryctl/internal/cli/root/filter/apply.go:58.54,64.17 5 0
github.com/layer5io/meshery/mesheryctl/internal/cli/root/filter/apply.go:64.17,66.4 1 0
github.com/layer5io/meshery/mesheryctl/internal/cli/root/filter/apply.go:68.3,71.35 3 0
github.com/layer5io/meshery/mesheryctl/internal/cli/root/filter/apply.go:71.35,73.4 1 0
github.com/layer5io/meshery/mesheryctl/internal/cli/root/filter/apply.go:75.3,75.34 1 0
github.com/layer5io/meshery/mesheryctl/internal/cli/root/filter/apply.go:75.34,77.4 1 0
github.com/layer5io/meshery/mesheryctl/internal/cli/root/filter/apply.go:80.3,80.20 1 0
github.com/layer5io/meshery/mesheryctl/internal/cli/root/filter/apply.go:80.20,88.18 4 0
github.com/layer5io/meshery/mesheryctl/internal/cli/root/filter/apply.go:88.18,90.5 1 0
github.com/layer5io/meshery/mesheryctl/internal/cli/root/filter/apply.go:92.4,93.18 2 0
github.com/layer5io/meshery/mesheryctl/internal/cli/root/filter/apply.go:93.18,95.5 1 0
github.com/layer5io/meshery/mesheryctl/internal/cli/root/filter/apply.go:97.4,99.30 2 0
github.com/layer5io/meshery/mesheryctl/internal/cli/root/filter/apply.go:99.30,101.5 1 0
github.com/layer5io/meshery/mesheryctl/internal/cli/root/filter/apply.go:102.4,104.18 3 0
github.com/layer5io/meshery/mesheryctl/internal/cli/root/filter/apply.go:104.18,106.5 1 0
github.com/layer5io/meshery/mesheryctl/internal/cli/root/filter/apply.go:107.4,108.18 2 0
github.com/layer5io/meshery/mesheryctl/internal/cli/root/filter/apply.go:108.18,110.5 1 0
github.com/layer5io/meshery/mesheryctl/internal/cli/root/filter/apply.go:112.4,113.34 2 0
github.com/layer5io/meshery/mesheryctl/internal/cli/root/filter/apply.go:113.34,115.5 1 0
github.com/layer5io/meshery/mesheryctl/internal/cli/root/filter/apply.go:115.10,115.41 1 0
github.com/layer5io/meshery/mesheryctl/internal/cli/root/filter/apply.go:115.41,117.5 1 0
github.com/layer5io/meshery/mesheryctl/internal/cli/root/filter/apply.go:117.10,121.5 2 0
github.com/layer5io/meshery/mesheryctl/internal/cli/root/filter/apply.go:122.9,124.54 1 0
github.com/layer5io/meshery/mesheryctl/internal/cli/root/filter/apply.go:124.54,126.19 2 0
github.com/layer5io/meshery/mesheryctl/internal/cli/root/filter/apply.go:126.19,128.6 1 0
github.com/layer5io/meshery/mesheryctl/internal/cli/root/filter/apply.go:129.5,132.18 2 0
github.com/layer5io/meshery/mesheryctl/internal/cli/root/filter/apply.go:132.18,139.20 2 0
github.com/layer5io/meshery/mesheryctl/internal/cli/root/filter/apply.go:139.20,141.7 1 0
github.com/layer5io/meshery/mesheryctl/internal/cli/root/filter/apply.go:142.6,143.20 2 0
github.com/layer5io/meshery/mesheryctl/internal/cli/root/filter/apply.go:143.20,145.7 1 0
github.com/layer5io/meshery/mesheryctl/internal/cli/root/filter/apply.go:146.6,147.20 2 0
github.com/layer5io/meshery/mesheryctl/internal/cli/root/filter/apply.go:147.20,149.7 1 0
github.com/layer5io/meshery/mesheryctl/internal/cli/root/filter/apply.go:150.6,153.32 3 0
github.com/layer5io/meshery/mesheryctl/internal/cli/root/filter/apply.go:153.32,155.7 1 0
github.com/layer5io/meshery/mesheryctl/internal/cli/root/filter/apply.go:156.6,159.20 3 0
github.com/layer5io/meshery/mesheryctl/internal/cli/root/filter/apply.go:159.20,161.7 1 0
github.com/layer5io/meshery/mesheryctl/internal/cli/root/filter/apply.go:162.6,163.20 2 0
github.com/layer5io/meshery/mesheryctl/internal/cli/root/filter/apply.go:163.20,165.7 1 0
github.com/layer5io/meshery/mesheryctl/internal/cli/root/filter/apply.go:169.5,169.22 1 0
github.com/layer5io/meshery/mesheryctl/internal/cli/root/filter/apply.go:170.10,173.19 3 0
github.com/layer5io/meshery/mesheryctl/internal/cli/root/filter/apply.go:173.19,175.6 1 0
github.com/layer5io/meshery/mesheryctl/internal/cli/root/filter/apply.go:177.5,181.18 3 0
github.com/layer5io/meshery/mesheryctl/internal/cli/root/filter/apply.go:181.18,182.20 1 0
github.com/layer5io/meshery/mesheryctl/internal/cli/root/filter/apply.go:182.20,188.7 1 0
github.com/layer5io/meshery/mesheryctl/internal/cli/root/filter/apply.go:188.12,193.7 1 0
github.com/layer5io/meshery/mesheryctl/internal/cli/root/filter/apply.go:194.11,195.20 1 0
github.com/layer5io/meshery/mesheryctl/internal/cli/root/filter/apply.go:195.20,201.7 1 0
github.com/layer5io/meshery/mesheryctl/internal/cli/root/filter/apply.go:201.12,206.7 1 0
github.com/layer5io/meshery/mesheryctl/internal/cli/root/filter/apply.go:208.5,209.19 2 0
github.com/layer5io/meshery/mesheryctl/internal/cli/root/filter/apply.go:209.19,211.6 1 0
github.com/layer5io/meshery/mesheryctl/internal/cli/root/filter/apply.go:213.5,214.19 2 0
github.com/layer5io/meshery/mesheryctl/internal/cli/root/filter/apply.go:214.19,216.6 1 0
github.com/layer5io/meshery/mesheryctl/internal/cli/root/filter/apply.go:217.5,220.31 3 0
github.com/layer5io/meshery/mesheryctl/internal/cli/root/filter/apply.go:220.31,222.6 1 0
github.com/layer5io/meshery/mesheryctl/internal/cli/root/filter/apply.go:223.5,226.19 3 0
github.com/layer5io/meshery/mesheryctl/internal/cli/root/filter/apply.go:226.19,228.6 1 0
github.com/layer5io/meshery/mesheryctl/internal/cli/root/filter/apply.go:229.5,230.19 2 0
github.com/layer5io/meshery/mesheryctl/internal/cli/root/filter/apply.go:230.19,232.6 1 0
github.com/layer5io/meshery/mesheryctl/internal/cli/root/filter/apply.go:234.5,236.40 2 0
github.com/layer5io/meshery/mesheryctl/internal/cli/root/filter/apply.go:240.3,241.17 2 0
github.com/layer5io/meshery/mesheryctl/internal/cli/root/filter/apply.go:241.17,243.4 1 0
github.com/layer5io/meshery/mesheryctl/internal/cli/root/filter/apply.go:245.3,246.17 2 0
github.com/layer5io/meshery/mesheryctl/internal/cli/root/filter/apply.go:246.17,248.4 1 0
github.com/layer5io/meshery/mesheryctl/internal/cli/root/filter/apply.go:250.3,250.28 1 0
github.com/layer5io/meshery/mesheryctl/internal/cli/root/filter/apply.go:250.28,252.4 1 0
github.com/layer5io/meshery/mesheryctl/internal/cli/root/filter/apply.go:254.3,256.17 3 0
github.com/layer5io/meshery/mesheryctl/internal/cli/root/filter/apply.go:256.17,258.4 1 0
github.com/layer5io/meshery/mesheryctl/internal/cli/root/filter/apply.go:260.3,263.13 3 0
github.com/layer5io/meshery/mesheryctl/internal/cli/root/filter/apply.go:267.71,270.33 2 0
github.com/layer5io/meshery/mesheryctl/internal/cli/root/filter/apply.go:270.33,277.3 6 0
github.com/layer5io/meshery/mesheryctl/internal/cli/root/filter/apply.go:279.2,279.6 1 0
github.com/layer5io/meshery/mesheryctl/internal/cli/root/filter/apply.go:279.6,282.17 3 0
github.com/layer5io/meshery/mesheryctl/internal/cli/root/filter/apply.go:282.17,284.4 1 0
github.com/layer5io/meshery/mesheryctl/internal/cli/root/filter/apply.go:285.3,287.17 3 0
github.com/layer5io/meshery/mesheryctl/internal/cli/root/filter/apply.go:287.17,289.4 1 0
github.com/layer5io/meshery/mesheryctl/internal/cli/root/filter/apply.go:290.3,290.42 1 0
github.com/layer5io/meshery/mesheryctl/internal/cli/root/filter/apply.go:290.42,292.4 1 0
github.com/layer5io/meshery/mesheryctl/internal/cli/root/filter/apply.go:292.9,294.4 1 0
github.com/layer5io/meshery/mesheryctl/internal/cli/root/filter/apply.go:298.13,301.2 2 1
github.com/layer5io/meshery/mesheryctl/internal/cli/root/filter/delete.go:42.54,45.17 3 0
github.com/layer5io/meshery/mesheryctl/internal/cli/root/filter/delete.go:45.17,47.4 1 0
github.com/layer5io/meshery/mesheryctl/internal/cli/root/filter/delete.go:48.3,50.20 3 0
github.com/layer5io/meshery/mesheryctl/internal/cli/root/filter/delete.go:50.20,52.18 2 0
github.com/layer5io/meshery/mesheryctl/internal/cli/root/filter/delete.go:52.18,54.5 1 0
github.com/layer5io/meshery/mesheryctl/internal/cli/root/filter/delete.go:58.3,58.11 1 0
github.com/layer5io/meshery/mesheryctl/internal/cli/root/filter/delete.go:58.11,60.18 2 0
github.com/layer5io/meshery/mesheryctl/internal/cli/root/filter/delete.go:60.18,62.5 1 0
github.com/layer5io/meshery/mesheryctl/internal/cli/root/filter/delete.go:63.4,64.14 2 0
github.com/layer5io/meshery/mesheryctl/internal/cli/root/filter/delete.go:68.3,69.17 2 0
github.com/layer5io/meshery/mesheryctl/internal/cli/root/filter/delete.go:69.17,71.4 1 0
github.com/layer5io/meshery/mesheryctl/internal/cli/root/filter/delete.go:73.3,74.17 2 0
github.com/layer5io/meshery/mesheryctl/internal/cli/root/filter/delete.go:74.17,76.4 1 0
github.com/layer5io/meshery/mesheryctl/internal/cli/root/filter/delete.go:78.3,79.17 2 0
github.com/layer5io/meshery/mesheryctl/internal/cli/root/filter/delete.go:79.17,81.4 1 0
github.com/layer5io/meshery/mesheryctl/internal/cli/root/filter/delete.go:83.3,83.28 1 0
github.com/layer5io/meshery/mesheryctl/internal/cli/root/filter/delete.go:83.28,85.4 1 0
github.com/layer5io/meshery/mesheryctl/internal/cli/root/filter/delete.go:87.3,89.17 3 0
github.com/layer5io/meshery/mesheryctl/internal/cli/root/filter/delete.go:89.17,91.4 1 0
github.com/layer5io/meshery/mesheryctl/internal/cli/root/filter/delete.go:93.3,95.13 2 0
github.com/layer5io/meshery/mesheryctl/internal/cli/root/filter/error.go:30.34,32.2 1 0
github.com/layer5io/meshery/mesheryctl/internal/cli/root/filter/error.go:34.46,36.2 1 0
github.com/layer5io/meshery/mesheryctl/internal/cli/root/filter/error.go:38.42,40.2 1 0
github.com/layer5io/meshery/mesheryctl/internal/cli/root/filter/error.go:42.36,44.2 1 0
github.com/layer5io/meshery/mesheryctl/internal/cli/root/filter/filter.go:39.54,40.21 1 0
github.com/layer5io/meshery/mesheryctl/internal/cli/root/filter/filter.go:40.21,42.4 1 0
github.com/layer5io/meshery/mesheryctl/internal/cli/root/filter/filter.go:43.3,43.72 1 0
github.com/layer5io/meshery/mesheryctl/internal/cli/root/filter/filter.go:43.72,45.4 1 0
github.com/layer5io/meshery/mesheryctl/internal/cli/root/filter/filter.go:46.3,46.13 1 0
github.com/layer5io/meshery/mesheryctl/internal/cli/root/filter/filter.go:50.13,55.2 3 1
github.com/layer5io/meshery/mesheryctl/internal/cli/root/filter/list.go:46.54,48.17 2 1
github.com/layer5io/meshery/mesheryctl/internal/cli/root/filter/list.go:48.17,50.4 1 0
github.com/layer5io/meshery/mesheryctl/internal/cli/root/filter/list.go:51.3,54.17 4 1
github.com/layer5io/meshery/mesheryctl/internal/cli/root/filter/list.go:54.17,56.4 1 0
github.com/layer5io/meshery/mesheryctl/internal/cli/root/filter/list.go:58.3,59.17 2 1
github.com/layer5io/meshery/mesheryctl/internal/cli/root/filter/list.go:59.17,61.4 1 0
github.com/layer5io/meshery/mesheryctl/internal/cli/root/filter/list.go:62.3,64.17 3 1
github.com/layer5io/meshery/mesheryctl/internal/cli/root/filter/list.go:64.17,66.4 1 0
github.com/layer5io/meshery/mesheryctl/internal/cli/root/filter/list.go:67.3,67.38 1 1
github.com/layer5io/meshery/mesheryctl/internal/cli/root/filter/list.go:67.38,69.4 1 0
github.com/layer5io/meshery/mesheryctl/internal/cli/root/filter/list.go:70.3,72.17 2 1
github.com/layer5io/meshery/mesheryctl/internal/cli/root/filter/list.go:72.17,74.4 1 0
github.com/layer5io/meshery/mesheryctl/internal/cli/root/filter/list.go:75.3,76.17 2 1
github.com/layer5io/meshery/mesheryctl/internal/cli/root/filter/list.go:76.17,78.4 1 0
github.com/layer5io/meshery/mesheryctl/internal/cli/root/filter/list.go:79.3,82.14 3 1
github.com/layer5io/meshery/mesheryctl/internal/cli/root/filter/list.go:82.14,83.26 1 0
github.com/layer5io/meshery/mesheryctl/internal/cli/root/filter/list.go:83.26,84.40 1 0
github.com/layer5io/meshery/mesheryctl/internal/cli/root/filter/list.go:84.40,90.6 5 0
github.com/layer5io/meshery/mesheryctl/internal/cli/root/filter/list.go:91.5,92.15 2 0
github.com/layer5io/meshery/mesheryctl/internal/cli/root/filter/list.go:95.4,95.39 1 0
github.com/layer5io/meshery/mesheryctl/internal/cli/root/filter/list.go:95.39,98.24 3 0
github.com/layer5io/meshery/mesheryctl/internal/cli/root/filter/list.go:98.24,100.6 1 0
github.com/layer5io/meshery/mesheryctl/internal/cli/root/filter/list.go:100.11,102.6 1 0
github.com/layer5io/meshery/mesheryctl/internal/cli/root/filter/list.go:103.5,106.86 4 0
github.com/layer5io/meshery/mesheryctl/internal/cli/root/filter/list.go:108.4,109.14 2 0
github.com/layer5io/meshery/mesheryctl/internal/cli/root/filter/list.go:113.3,113.25 1 1
github.com/layer5io/meshery/mesheryctl/internal/cli/root/filter/list.go:113.25,114.39 1 0
github.com/layer5io/meshery/mesheryctl/internal/cli/root/filter/list.go:114.39,120.5 5 0
github.com/layer5io/meshery/mesheryctl/internal/cli/root/filter/list.go:121.4,122.14 2 0
github.com/layer5io/meshery/mesheryctl/internal/cli/root/filter/list.go:124.3,124.38 1 1
github.com/layer5io/meshery/mesheryctl/internal/cli/root/filter/list.go:124.38,127.23 3 3
github.com/layer5io/meshery/mesheryctl/internal/cli/root/filter/list.go:127.23,129.5 1 3
github.com/layer5io/meshery/mesheryctl/internal/cli/root/filter/list.go:129.10,131.5 1 0
github.com/layer5io/meshery/mesheryctl/internal/cli/root/filter/list.go:132.4,135.85 4 3
github.com/layer5io/meshery/mesheryctl/internal/cli/root/filter/list.go:137.3,138.13 2 1
github.com/layer5io/meshery/mesheryctl/internal/cli/root/filter/list.go:142.13,144.2 1 1
github.com/layer5io/meshery/mesheryctl/internal/cli/root/filter/view.go:48.54,50.17 2 3
github.com/layer5io/meshery/mesheryctl/internal/cli/root/filter/view.go:50.17,52.4 1 0
github.com/layer5io/meshery/mesheryctl/internal/cli/root/filter/view.go:54.3,57.20 3 3
github.com/layer5io/meshery/mesheryctl/internal/cli/root/filter/view.go:57.20,58.19 1 3
github.com/layer5io/meshery/mesheryctl/internal/cli/root/filter/view.go:58.19,60.5 1 0
github.com/layer5io/meshery/mesheryctl/internal/cli/root/filter/view.go:61.4,62.18 2 3
github.com/layer5io/meshery/mesheryctl/internal/cli/root/filter/view.go:62.18,64.5 1 0
github.com/layer5io/meshery/mesheryctl/internal/cli/root/filter/view.go:66.3,67.23 2 3
github.com/layer5io/meshery/mesheryctl/internal/cli/root/filter/view.go:67.23,68.19 1 0
github.com/layer5io/meshery/mesheryctl/internal/cli/root/filter/view.go:68.19,70.5 1 0
github.com/layer5io/meshery/mesheryctl/internal/cli/root/filter/view.go:70.10,72.5 1 0
github.com/layer5io/meshery/mesheryctl/internal/cli/root/filter/view.go:73.9,73.18 1 3
github.com/layer5io/meshery/mesheryctl/internal/cli/root/filter/view.go:73.18,76.4 1 1
github.com/layer5io/meshery/mesheryctl/internal/cli/root/filter/view.go:76.9,79.4 1 2
github.com/layer5io/meshery/mesheryctl/internal/cli/root/filter/view.go:81.3,83.17 3 3
github.com/layer5io/meshery/mesheryctl/internal/cli/root/filter/view.go:83.17,85.4 1 0
github.com/layer5io/meshery/mesheryctl/internal/cli/root/filter/view.go:87.3,88.17 2 3
github.com/layer5io/meshery/mesheryctl/internal/cli/root/filter/view.go:88.17,90.4 1 0
github.com/layer5io/meshery/mesheryctl/internal/cli/root/filter/view.go:91.3,91.28 1 3
github.com/layer5io/meshery/mesheryctl/internal/cli/root/filter/view.go:91.28,94.4 1 0
github.com/layer5io/meshery/mesheryctl/internal/cli/root/filter/view.go:96.3,98.17 3 3
github.com/layer5io/meshery/mesheryctl/internal/cli/root/filter/view.go:98.17,100.4 1 0
github.com/layer5io/meshery/mesheryctl/internal/cli/root/filter/view.go:102.3,103.51 2 3
github.com/layer5io/meshery/mesheryctl/internal/cli/root/filter/view.go:103.51,105.4 1 0
github.com/layer5io/meshery/mesheryctl/internal/cli/root/filter/view.go:107.3,107.11 1 3
github.com/layer5io/meshery/mesheryctl/internal/cli/root/filter/view.go:107.11,108.65 1 1
github.com/layer5io/meshery/mesheryctl/internal/cli/root/filter/view.go:108.65,110.5 1 0
github.com/layer5io/meshery/mesheryctl/internal/cli/root/filter/view.go:111.9,111.25 1 2
github.com/layer5io/meshery/mesheryctl/internal/cli/root/filter/view.go:111.25,113.111 1 0
github.com/layer5io/meshery/mesheryctl/internal/cli/root/filter/view.go:113.111,115.5 1 0
github.com/layer5io/meshery/mesheryctl/internal/cli/root/filter/view.go:116.9,119.21 2 2
github.com/layer5io/meshery/mesheryctl/internal/cli/root/filter/view.go:119.21,122.5 2 1
github.com/layer5io/meshery/mesheryctl/internal/cli/root/filter/view.go:123.4,123.68 1 1
github.com/layer5io/meshery/mesheryctl/internal/cli/root/filter/view.go:123.68,125.5 1 0
github.com/layer5io/meshery/mesheryctl/internal/cli/root/filter/view.go:128.3,128.30 1 2
github.com/layer5io/meshery/mesheryctl/internal/cli/root/filter/view.go:128.30,129.53 1 2
github.com/layer5io/meshery/mesheryctl/internal/cli/root/filter/view.go:129.53,131.5 1 0
github.com/layer5io/meshery/mesheryctl/internal/cli/root/filter/view.go:132.9,132.37 1 0
github.com/layer5io/meshery/mesheryctl/internal/cli/root/filter/view.go:132.37,134.4 1 0
github.com/layer5io/meshery/mesheryctl/internal/cli/root/filter/view.go:135.3,136.13 2 2
github.com/layer5io/meshery/mesheryctl/internal/cli/root/filter/view.go:140.13,143.2 2 1
github.com/layer5io/meshery/mesheryctl/internal/cli/root/pattern/apply.go:62.54,68.17 5 2
github.com/layer5io/meshery/mesheryctl/internal/cli/root/pattern/apply.go:68.17,70.4 1 0
github.com/layer5io/meshery/mesheryctl/internal/cli/root/pattern/apply.go:72.3,76.20 3 2
github.com/layer5io/meshery/mesheryctl/internal/cli/root/pattern/apply.go:76.20,84.18 4 0
github.com/layer5io/meshery/mesheryctl/internal/cli/root/pattern/apply.go:84.18,86.5 1 0
github.com/layer5io/meshery/mesheryctl/internal/cli/root/pattern/apply.go:88.4,89.18 2 0
github.com/layer5io/meshery/mesheryctl/internal/cli/root/pattern/apply.go:89.18,91.5 1 0
github.com/layer5io/meshery/mesheryctl/internal/cli/root/pattern/apply.go:93.4,95.30 2 0
github.com/layer5io/meshery/mesheryctl/internal/cli/root/pattern/apply.go:95.30,97.5 1 0
github.com/layer5io/meshery/mesheryctl/internal/cli/root/pattern/apply.go:98.4,100.18 3 0
github.com/layer5io/meshery/mesheryctl/internal/cli/root/pattern/apply.go:100.18,102.5 1 0
github.com/layer5io/meshery/mesheryctl/internal/cli/root/pattern/apply.go:103.4,104.18 2 0
github.com/layer5io/meshery/mesheryctl/internal/cli/root/pattern/apply.go:104.18,106.5 1 0
github.com/layer5io/meshery/mesheryctl/internal/cli/root/pattern/apply.go:108.4,109.35 2 0
github.com/layer5io/meshery/mesheryctl/internal/cli/root/pattern/apply.go:109.35,111.5 1 0
github.com/layer5io/meshery/mesheryctl/internal/cli/root/pattern/apply.go:111.10,111.42 1 0
github.com/layer5io/meshery/mesheryctl/internal/cli/root/pattern/apply.go:111.42,113.5 1 0
github.com/layer5io/meshery/mesheryctl/internal/cli/root/pattern/apply.go:113.10,117.5 2 0
github.com/layer5io/meshery/mesheryctl/internal/cli/root/pattern/apply.go:118.9,120.54 1 2
github.com/layer5io/meshery/mesheryctl/internal/cli/root/pattern/apply.go:120.54,122.19 2 2
github.com/layer5io/meshery/mesheryctl/internal/cli/root/pattern/apply.go:122.19,124.6 1 0
github.com/layer5io/meshery/mesheryctl/internal/cli/root/pattern/apply.go:125.5,128.18 2 2
github.com/layer5io/meshery/mesheryctl/internal/cli/root/pattern/apply.go:128.18,136.20 2 1
github.com/layer5io/meshery/mesheryctl/internal/cli/root/pattern/apply.go:136.20,138.7 1 0
github.com/layer5io/meshery/mesheryctl/internal/cli/root/pattern/apply.go:139.6,140.20 2 1
github.com/layer5io/meshery/mesheryctl/internal/cli/root/pattern/apply.go:140.20,142.7 1 0
github.com/layer5io/meshery/mesheryctl/internal/cli/root/pattern/apply.go:144.6,145.20 2 1
github.com/layer5io/meshery/mesheryctl/internal/cli/root/pattern/apply.go:145.20,147.7 1 0
github.com/layer5io/meshery/mesheryctl/internal/cli/root/pattern/apply.go:148.6,151.32 3 1
github.com/layer5io/meshery/mesheryctl/internal/cli/root/pattern/apply.go:151.32,153.7 1 0
github.com/layer5io/meshery/mesheryctl/internal/cli/root/pattern/apply.go:154.6,157.20 3 1
github.com/layer5io/meshery/mesheryctl/internal/cli/root/pattern/apply.go:157.20,159.7 1 0
github.com/layer5io/meshery/mesheryctl/internal/cli/root/pattern/apply.go:160.6,161.20 2 1
github.com/layer5io/meshery/mesheryctl/internal/cli/root/pattern/apply.go:161.20,163.7 1 0
github.com/layer5io/meshery/mesheryctl/internal/cli/root/pattern/apply.go:167.5,167.23 1 2
github.com/layer5io/meshery/mesheryctl/internal/cli/root/pattern/apply.go:168.10,171.19 3 0
github.com/layer5io/meshery/mesheryctl/internal/cli/root/pattern/apply.go:171.19,173.6 1 0
github.com/layer5io/meshery/mesheryctl/internal/cli/root/pattern/apply.go:175.5,179.18 3 0
github.com/layer5io/meshery/mesheryctl/internal/cli/root/pattern/apply.go:179.18,180.20 1 0
github.com/layer5io/meshery/mesheryctl/internal/cli/root/pattern/apply.go:180.20,186.7 1 0
github.com/layer5io/meshery/mesheryctl/internal/cli/root/pattern/apply.go:186.12,191.7 1 0
github.com/layer5io/meshery/mesheryctl/internal/cli/root/pattern/apply.go:192.11,193.20 1 0
github.com/layer5io/meshery/mesheryctl/internal/cli/root/pattern/apply.go:193.20,199.7 1 0
github.com/layer5io/meshery/mesheryctl/internal/cli/root/pattern/apply.go:199.12,204.7 1 0
github.com/layer5io/meshery/mesheryctl/internal/cli/root/pattern/apply.go:206.5,207.19 2 0
github.com/layer5io/meshery/mesheryctl/internal/cli/root/pattern/apply.go:207.19,209.6 1 0
github.com/layer5io/meshery/mesheryctl/internal/cli/root/pattern/apply.go:211.5,212.19 2 0
github.com/layer5io/meshery/mesheryctl/internal/cli/root/pattern/apply.go:212.19,214.6 1 0
github.com/layer5io/meshery/mesheryctl/internal/cli/root/pattern/apply.go:215.5,218.31 3 0
github.com/layer5io/meshery/mesheryctl/internal/cli/root/pattern/apply.go:218.31,220.6 1 0
github.com/layer5io/meshery/mesheryctl/internal/cli/root/pattern/apply.go:221.5,224.19 3 0
github.com/layer5io/meshery/mesheryctl/internal/cli/root/pattern/apply.go:224.19,226.6 1 0
github.com/layer5io/meshery/mesheryctl/internal/cli/root/pattern/apply.go:227.5,228.19 2 0
github.com/layer5io/meshery/mesheryctl/internal/cli/root/pattern/apply.go:228.19,230.6 1 0
github.com/layer5io/meshery/mesheryctl/internal/cli/root/pattern/apply.go:233.5,233.42 1 0
github.com/layer5io/meshery/mesheryctl/internal/cli/root/pattern/apply.go:237.3,238.17 2 2
github.com/layer5io/meshery/mesheryctl/internal/cli/root/pattern/apply.go:238.17,240.4 1 0
github.com/layer5io/meshery/mesheryctl/internal/cli/root/pattern/apply.go:242.3,243.17 2 2
github.com/layer5io/meshery/mesheryctl/internal/cli/root/pattern/apply.go:243.17,245.4 1 0
github.com/layer5io/meshery/mesheryctl/internal/cli/root/pattern/apply.go:247.3,250.17 4 2
github.com/layer5io/meshery/mesheryctl/internal/cli/root/pattern/apply.go:250.17,252.4 1 0
github.com/layer5io/meshery/mesheryctl/internal/cli/root/pattern/apply.go:254.3,257.17 4 2
github.com/layer5io/meshery/mesheryctl/internal/cli/root/pattern/apply.go:257.17,259.4 1 0
github.com/layer5io/meshery/mesheryctl/internal/cli/root/pattern/apply.go:261.3,261.28 1 2
github.com/layer5io/meshery/mesheryctl/internal/cli/root/pattern/apply.go:261.28,263.4 1 2
github.com/layer5io/meshery/mesheryctl/internal/cli/root/pattern/apply.go:264.3,265.13 2 2
github.com/layer5io/meshery/mesheryctl/internal/cli/root/pattern/apply.go:269.73,272.33 2 0
github.com/layer5io/meshery/mesheryctl/internal/cli/root/pattern/apply.go:272.33,279.3 6 0
github.com/layer5io/meshery/mesheryctl/internal/cli/root/pattern/apply.go:281.2,281.6 1 0
github.com/layer5io/meshery/mesheryctl/internal/cli/root/pattern/apply.go:281.6,284.17 3 0
github.com/layer5io/meshery/mesheryctl/internal/cli/root/pattern/apply.go:284.17,286.4 1 0
github.com/layer5io/meshery/mesheryctl/internal/cli/root/pattern/apply.go:287.3,289.17 3 0
github.com/layer5io/meshery/mesheryctl/internal/cli/root/pattern/apply.go:289.17,291.4 1 0
github.com/layer5io/meshery/mesheryctl/internal/cli/root/pattern/apply.go:292.3,292.42 1 0
github.com/layer5io/meshery/mesheryctl/internal/cli/root/pattern/apply.go:292.42,294.4 1 0
github.com/layer5io/meshery/mesheryctl/internal/cli/root/pattern/apply.go:294.9,296.4 1 0
github.com/layer5io/meshery/mesheryctl/internal/cli/root/pattern/apply.go:300.13,303.2 2 1
github.com/layer5io/meshery/mesheryctl/internal/cli/root/pattern/delete.go:43.54,48.17 4 1
github.com/layer5io/meshery/mesheryctl/internal/cli/root/pattern/delete.go:48.17,50.4 1 0
github.com/layer5io/meshery/mesheryctl/internal/cli/root/pattern/delete.go:52.3,54.20 3 1
github.com/layer5io/meshery/mesheryctl/internal/cli/root/pattern/delete.go:54.20,56.18 2 0
github.com/layer5io/meshery/mesheryctl/internal/cli/root/pattern/delete.go:56.18,58.5 1 0
github.com/layer5io/meshery/mesheryctl/internal/cli/root/pattern/delete.go:62.3,62.11 1 1
github.com/layer5io/meshery/mesheryctl/internal/cli/root/pattern/delete.go:62.11,64.18 2 0
github.com/layer5io/meshery/mesheryctl/internal/cli/root/pattern/delete.go:64.18,66.5 1 0
github.com/layer5io/meshery/mesheryctl/internal/cli/root/pattern/delete.go:67.4,68.14 2 0
github.com/layer5io/meshery/mesheryctl/internal/cli/root/pattern/delete.go:70.3,74.31 3 1
github.com/layer5io/meshery/mesheryctl/internal/cli/root/pattern/delete.go:74.31,76.18 2 1
github.com/layer5io/meshery/mesheryctl/internal/cli/root/pattern/delete.go:76.18,78.5 1 0
github.com/layer5io/meshery/mesheryctl/internal/cli/root/pattern/delete.go:80.4,80.33 1 1
github.com/layer5io/meshery/mesheryctl/internal/cli/root/pattern/delete.go:81.9,84.18 2 0
github.com/layer5io/meshery/mesheryctl/internal/cli/root/pattern/delete.go:84.18,86.5 1 0
github.com/layer5io/meshery/mesheryctl/internal/cli/root/pattern/delete.go:88.4,95.18 4 0
github.com/layer5io/meshery/mesheryctl/internal/cli/root/pattern/delete.go:95.18,101.5 1 0
github.com/layer5io/meshery/mesheryctl/internal/cli/root/pattern/delete.go:101.10,106.5 1 0
github.com/layer5io/meshery/mesheryctl/internal/cli/root/pattern/delete.go:108.4,109.18 2 0
github.com/layer5io/meshery/mesheryctl/internal/cli/root/pattern/delete.go:109.18,111.5 1 0
github.com/layer5io/meshery/mesheryctl/internal/cli/root/pattern/delete.go:113.4,114.18 2 0
github.com/layer5io/meshery/mesheryctl/internal/cli/root/pattern/delete.go:114.18,116.5 1 0
github.com/layer5io/meshery/mesheryctl/internal/cli/root/pattern/delete.go:117.4,120.30 3 0
github.com/layer5io/meshery/mesheryctl/internal/cli/root/pattern/delete.go:120.30,122.5 1 0
github.com/layer5io/meshery/mesheryctl/internal/cli/root/pattern/delete.go:123.4,126.18 3 0
github.com/layer5io/meshery/mesheryctl/internal/cli/root/pattern/delete.go:126.18,128.5 1 0
github.com/layer5io/meshery/mesheryctl/internal/cli/root/pattern/delete.go:130.4,131.18 2 0
github.com/layer5io/meshery/mesheryctl/internal/cli/root/pattern/delete.go:131.18,133.5 1 0
github.com/layer5io/meshery/mesheryctl/internal/cli/root/pattern/delete.go:135.4,135.41 1 0
github.com/layer5io/meshery/mesheryctl/internal/cli/root/pattern/delete.go:138.3,139.17 2 1
github.com/layer5io/meshery/mesheryctl/internal/cli/root/pattern/delete.go:139.17,141.4 1 0
github.com/layer5io/meshery/mesheryctl/internal/cli/root/pattern/delete.go:143.3,144.17 2 1
github.com/layer5io/meshery/mesheryctl/internal/cli/root/pattern/delete.go:144.17,146.4 1 0
github.com/layer5io/meshery/mesheryctl/internal/cli/root/pattern/delete.go:148.3,150.17 3 1
github.com/layer5io/meshery/mesheryctl/internal/cli/root/pattern/delete.go:150.17,152.4 1 0
github.com/layer5io/meshery/mesheryctl/internal/cli/root/pattern/delete.go:154.3,156.13 2 1
github.com/layer5io/meshery/mesheryctl/internal/cli/root/pattern/delete.go:160.13,162.2 1 1
github.com/layer5io/meshery/mesheryctl/internal/cli/root/pattern/list.go:52.54,54.17 2 2
github.com/layer5io/meshery/mesheryctl/internal/cli/root/pattern/list.go:54.17,56.4 1 0
github.com/layer5io/meshery/mesheryctl/internal/cli/root/pattern/list.go:58.3,61.17 4 2
github.com/layer5io/meshery/mesheryctl/internal/cli/root/pattern/list.go:61.17,63.4 1 0
github.com/layer5io/meshery/mesheryctl/internal/cli/root/pattern/list.go:65.3,66.17 2 2
github.com/layer5io/meshery/mesheryctl/internal/cli/root/pattern/list.go:66.17,68.4 1 0
github.com/layer5io/meshery/mesheryctl/internal/cli/root/pattern/list.go:69.3,71.17 3 2
github.com/layer5io/meshery/mesheryctl/internal/cli/root/pattern/list.go:71.17,73.4 1 0
github.com/layer5io/meshery/mesheryctl/internal/cli/root/pattern/list.go:74.3,76.17 2 2
github.com/layer5io/meshery/mesheryctl/internal/cli/root/pattern/list.go:76.17,78.4 1 0
github.com/layer5io/meshery/mesheryctl/internal/cli/root/pattern/list.go:79.3,80.17 2 2
github.com/layer5io/meshery/mesheryctl/internal/cli/root/pattern/list.go:80.17,82.4 1 0
github.com/layer5io/meshery/mesheryctl/internal/cli/root/pattern/list.go:83.3,86.14 3 2
github.com/layer5io/meshery/mesheryctl/internal/cli/root/pattern/list.go:86.14,87.26 1 0
github.com/layer5io/meshery/mesheryctl/internal/cli/root/pattern/list.go:87.26,88.41 1 0
github.com/layer5io/meshery/mesheryctl/internal/cli/root/pattern/list.go:88.41,94.6 5 0
github.com/layer5io/meshery/mesheryctl/internal/cli/root/pattern/list.go:95.5,96.15 2 0
github.com/layer5io/meshery/mesheryctl/internal/cli/root/pattern/list.go:99.4,99.40 1 0
github.com/layer5io/meshery/mesheryctl/internal/cli/root/pattern/list.go:99.40,102.24 3 0
github.com/layer5io/meshery/mesheryctl/internal/cli/root/pattern/list.go:102.24,104.6 1 0
github.com/layer5io/meshery/mesheryctl/internal/cli/root/pattern/list.go:104.11,106.6 1 0
github.com/layer5io/meshery/mesheryctl/internal/cli/root/pattern/list.go:107.5,110.87 4 0
github.com/layer5io/meshery/mesheryctl/internal/cli/root/pattern/list.go:112.4,114.14 2 0
github.com/layer5io/meshery/mesheryctl/internal/cli/root/pattern/list.go:118.3,118.25 1 2
github.com/layer5io/meshery/mesheryctl/internal/cli/root/pattern/list.go:118.25,119.40 1 1
github.com/layer5io/meshery/mesheryctl/internal/cli/root/pattern/list.go:119.40,125.5 5 1
github.com/layer5io/meshery/mesheryctl/internal/cli/root/pattern/list.go:126.4,127.14 2 1
github.com/layer5io/meshery/mesheryctl/internal/cli/root/pattern/list.go:129.3,129.39 1 1
github.com/layer5io/meshery/mesheryctl/internal/cli/root/pattern/list.go:129.39,132.23 3 25
github.com/layer5io/meshery/mesheryctl/internal/cli/root/pattern/list.go:132.23,134.5 1 25
github.com/layer5io/meshery/mesheryctl/internal/cli/root/pattern/list.go:134.10,136.5 1 0
github.com/layer5io/meshery/mesheryctl/internal/cli/root/pattern/list.go:137.4,140.86 4 25
github.com/layer5io/meshery/mesheryctl/internal/cli/root/pattern/list.go:142.3,144.13 2 1
github.com/layer5io/meshery/mesheryctl/internal/cli/root/pattern/list.go:149.13,151.2 1 1
github.com/layer5io/meshery/mesheryctl/internal/cli/root/pattern/pattern.go:48.54,49.21 1 0
github.com/layer5io/meshery/mesheryctl/internal/cli/root/pattern/pattern.go:49.21,51.4 1 0
github.com/layer5io/meshery/mesheryctl/internal/cli/root/pattern/pattern.go:52.3,52.72 1 0
github.com/layer5io/meshery/mesheryctl/internal/cli/root/pattern/pattern.go:52.72,54.4 1 0
github.com/layer5io/meshery/mesheryctl/internal/cli/root/pattern/pattern.go:55.3,55.13 1 0
github.com/layer5io/meshery/mesheryctl/internal/cli/root/pattern/pattern.go:59.13,64.2 3 1
github.com/layer5io/meshery/mesheryctl/internal/cli/root/pattern/view.go:51.54,53.17 2 1
github.com/layer5io/meshery/mesheryctl/internal/cli/root/pattern/view.go:53.17,55.4 1 0
github.com/layer5io/meshery/mesheryctl/internal/cli/root/pattern/view.go:56.3,59.20 3 1
github.com/layer5io/meshery/mesheryctl/internal/cli/root/pattern/view.go:59.20,60.19 1 1
github.com/layer5io/meshery/mesheryctl/internal/cli/root/pattern/view.go:60.19,62.5 1 0
github.com/layer5io/meshery/mesheryctl/internal/cli/root/pattern/view.go:63.4,64.18 2 1
github.com/layer5io/meshery/mesheryctl/internal/cli/root/pattern/view.go:64.18,66.5 1 0
github.com/layer5io/meshery/mesheryctl/internal/cli/root/pattern/view.go:68.3,69.24 2 1
github.com/layer5io/meshery/mesheryctl/internal/cli/root/pattern/view.go:69.24,70.19 1 0
github.com/layer5io/meshery/mesheryctl/internal/cli/root/pattern/view.go:70.19,72.5 1 0
github.com/layer5io/meshery/mesheryctl/internal/cli/root/pattern/view.go:72.10,74.5 1 0
github.com/layer5io/meshery/mesheryctl/internal/cli/root/pattern/view.go:75.9,75.18 1 1
github.com/layer5io/meshery/mesheryctl/internal/cli/root/pattern/view.go:75.18,78.4 1 0
github.com/layer5io/meshery/mesheryctl/internal/cli/root/pattern/view.go:78.9,81.4 1 1
github.com/layer5io/meshery/mesheryctl/internal/cli/root/pattern/view.go:83.3,85.17 3 1
github.com/layer5io/meshery/mesheryctl/internal/cli/root/pattern/view.go:85.17,87.4 1 0
github.com/layer5io/meshery/mesheryctl/internal/cli/root/pattern/view.go:89.3,90.17 2 1
github.com/layer5io/meshery/mesheryctl/internal/cli/root/pattern/view.go:90.17,92.4 1 0
github.com/layer5io/meshery/mesheryctl/internal/cli/root/pattern/view.go:93.3,93.28 1 1
github.com/layer5io/meshery/mesheryctl/internal/cli/root/pattern/view.go:93.28,96.4 1 0
github.com/layer5io/meshery/mesheryctl/internal/cli/root/pattern/view.go:98.3,100.17 3 1
github.com/layer5io/meshery/mesheryctl/internal/cli/root/pattern/view.go:100.17,102.4 1 0
github.com/layer5io/meshery/mesheryctl/internal/cli/root/pattern/view.go:104.3,105.51 2 1
github.com/layer5io/meshery/mesheryctl/internal/cli/root/pattern/view.go:105.51,107.4 1 0
github.com/layer5io/meshery/mesheryctl/internal/cli/root/pattern/view.go:109.3,109.11 1 1
github.com/layer5io/meshery/mesheryctl/internal/cli/root/pattern/view.go:109.11,110.65 1 0
github.com/layer5io/meshery/mesheryctl/internal/cli/root/pattern/view.go:110.65,112.5 1 0
github.com/layer5io/meshery/mesheryctl/internal/cli/root/pattern/view.go:113.9,113.25 1 1
github.com/layer5io/meshery/mesheryctl/internal/cli/root/pattern/view.go:113.25,115.113 1 0
github.com/layer5io/meshery/mesheryctl/internal/cli/root/pattern/view.go:115.113,117.5 1 0
github.com/layer5io/meshery/mesheryctl/internal/cli/root/pattern/view.go:118.9,121.21 2 1
github.com/layer5io/meshery/mesheryctl/internal/cli/root/pattern/view.go:121.21,124.5 2 0
github.com/layer5io/meshery/mesheryctl/internal/cli/root/pattern/view.go:125.4,125.68 1 1
github.com/layer5io/meshery/mesheryctl/internal/cli/root/pattern/view.go:125.68,127.5 1 0
github.com/layer5io/meshery/mesheryctl/internal/cli/root/pattern/view.go:130.3,130.30 1 1
github.com/layer5io/meshery/mesheryctl/internal/cli/root/pattern/view.go:130.30,131.53 1 1
github.com/layer5io/meshery/mesheryctl/internal/cli/root/pattern/view.go:131.53,133.5 1 0
github.com/layer5io/meshery/mesheryctl/internal/cli/root/pattern/view.go:134.9,134.37 1 0
github.com/layer5io/meshery/mesheryctl/internal/cli/root/pattern/view.go:134.37,136.4 1 0
github.com/layer5io/meshery/mesheryctl/internal/cli/root/pattern/view.go:137.3,138.13 2 1
github.com/layer5io/meshery/mesheryctl/internal/cli/root/pattern/view.go:142.13,145.2 2 1
github.com/layer5io/meshery/mesheryctl/internal/cli/root/app/app.go:46.54,47.21 1 0
github.com/layer5io/meshery/mesheryctl/internal/cli/root/app/app.go:47.21,49.4 1 0
github.com/layer5io/meshery/mesheryctl/internal/cli/root/app/app.go:50.3,50.72 1 0
github.com/layer5io/meshery/mesheryctl/internal/cli/root/app/app.go:50.72,54.59 3 0
github.com/layer5io/meshery/mesheryctl/internal/cli/root/app/app.go:54.59,56.5 1 0
github.com/layer5io/meshery/mesheryctl/internal/cli/root/app/app.go:57.4,57.169 1 0
github.com/layer5io/meshery/mesheryctl/internal/cli/root/app/app.go:59.3,59.13 1 0
github.com/layer5io/meshery/mesheryctl/internal/cli/root/app/app.go:63.13,68.2 3 1
github.com/layer5io/meshery/mesheryctl/internal/cli/root/app/app.go:70.29,72.16 2 2
github.com/layer5io/meshery/mesheryctl/internal/cli/root/app/app.go:72.16,74.3 1 0
github.com/layer5io/meshery/mesheryctl/internal/cli/root/app/app.go:75.2,78.16 4 2
github.com/layer5io/meshery/mesheryctl/internal/cli/root/app/app.go:78.16,80.3 1 0
github.com/layer5io/meshery/mesheryctl/internal/cli/root/app/app.go:82.2,83.16 2 2
github.com/layer5io/meshery/mesheryctl/internal/cli/root/app/app.go:83.16,85.3 1 0
github.com/layer5io/meshery/mesheryctl/internal/cli/root/app/app.go:87.2,87.28 1 2
github.com/layer5io/meshery/mesheryctl/internal/cli/root/app/app.go:87.28,89.3 1 0
github.com/layer5io/meshery/mesheryctl/internal/cli/root/app/app.go:90.2,95.16 4 2
github.com/layer5io/meshery/mesheryctl/internal/cli/root/app/app.go:95.16,98.3 2 0
github.com/layer5io/meshery/mesheryctl/internal/cli/root/app/app.go:99.2,100.16 2 2
github.com/layer5io/meshery/mesheryctl/internal/cli/root/app/app.go:100.16,103.3 2 0
github.com/layer5io/meshery/mesheryctl/internal/cli/root/app/app.go:105.2,105.39 1 2
github.com/layer5io/meshery/mesheryctl/internal/cli/root/app/app.go:105.39,107.3 1 6
github.com/layer5io/meshery/mesheryctl/internal/cli/root/app/app.go:109.2,109.12 1 2
github.com/layer5io/meshery/mesheryctl/internal/cli/root/app/app.go:112.39,113.45 1 2
github.com/layer5io/meshery/mesheryctl/internal/cli/root/app/app.go:113.45,114.25 1 6
github.com/layer5io/meshery/mesheryctl/internal/cli/root/app/app.go:114.25,116.4 1 2
github.com/layer5io/meshery/mesheryctl/internal/cli/root/app/app.go:119.2,119.14 1 0
github.com/layer5io/meshery/mesheryctl/internal/cli/root/app/import.go:44.52,48.17 2 0
github.com/layer5io/meshery/mesheryctl/internal/cli/root/app/import.go:48.17,51.4 2 0
github.com/layer5io/meshery/mesheryctl/internal/cli/root/app/import.go:53.3,53.13 1 0
github.com/layer5io/meshery/mesheryctl/internal/cli/root/app/import.go:55.57,57.3 1 0
github.com/layer5io/meshery/mesheryctl/internal/cli/root/app/import.go:58.54,62.17 3 0
github.com/layer5io/meshery/mesheryctl/internal/cli/root/app/import.go:62.17,64.4 1 0
github.com/layer5io/meshery/mesheryctl/internal/cli/root/app/import.go:66.3,69.33 2 0
github.com/layer5io/meshery/mesheryctl/internal/cli/root/app/import.go:69.33,71.4 1 0
github.com/layer5io/meshery/mesheryctl/internal/cli/root/app/import.go:73.3,75.17 2 0
github.com/layer5io/meshery/mesheryctl/internal/cli/root/app/import.go:75.17,77.4 1 0
github.com/layer5io/meshery/mesheryctl/internal/cli/root/app/import.go:79.3,81.13 2 0
github.com/layer5io/meshery/mesheryctl/internal/cli/root/app/import.go:85.110,92.52 4 2
github.com/layer5io/meshery/mesheryctl/internal/cli/root/app/import.go:92.52,94.17 2 2
github.com/layer5io/meshery/mesheryctl/internal/cli/root/app/import.go:94.17,96.4 1 0
github.com/layer5io/meshery/mesheryctl/internal/cli/root/app/import.go:97.3,106.17 3 2
github.com/layer5io/meshery/mesheryctl/internal/cli/root/app/import.go:106.17,108.4 1 0
github.com/layer5io/meshery/mesheryctl/internal/cli/root/app/import.go:109.3,110.17 2 2
github.com/layer5io/meshery/mesheryctl/internal/cli/root/app/import.go:110.17,112.4 1 0
github.com/layer5io/meshery/mesheryctl/internal/cli/root/app/import.go:114.3,115.17 2 2
github.com/layer5io/meshery/mesheryctl/internal/cli/root/app/import.go:115.17,117.4 1 0
github.com/layer5io/meshery/mesheryctl/internal/cli/root/app/import.go:118.3,121.29 3 2
github.com/layer5io/meshery/mesheryctl/internal/cli/root/app/import.go:121.29,123.4 1 0
github.com/layer5io/meshery/mesheryctl/internal/cli/root/app/import.go:124.3,127.17 3 2
github.com/layer5io/meshery/mesheryctl/internal/cli/root/app/import.go:127.17,130.4 2 0
github.com/layer5io/meshery/mesheryctl/internal/cli/root/app/import.go:131.3,132.17 2 2
github.com/layer5io/meshery/mesheryctl/internal/cli/root/app/import.go:132.17,135.4 2 0
github.com/layer5io/meshery/mesheryctl/internal/cli/root/app/import.go:137.3,137.20 1 2
github.com/layer5io/meshery/mesheryctl/internal/cli/root/app/import.go:138.8,141.17 3 0
github.com/layer5io/meshery/mesheryctl/internal/cli/root/app/import.go:141.17,143.4 1 0
github.com/layer5io/meshery/mesheryctl/internal/cli/root/app/import.go:145.3,149.17 3 0
github.com/layer5io/meshery/mesheryctl/internal/cli/root/app/import.go:149.17,155.4 1 0
github.com/layer5io/meshery/mesheryctl/internal/cli/root/app/import.go:155.9,160.4 1 0
github.com/layer5io/meshery/mesheryctl/internal/cli/root/app/import.go:162.3,163.17 2 0
github.com/layer5io/meshery/mesheryctl/internal/cli/root/app/import.go:163.17,165.4 1 0
github.com/layer5io/meshery/mesheryctl/internal/cli/root/app/import.go:167.3,168.17 2 0
github.com/layer5io/meshery/mesheryctl/internal/cli/root/app/import.go:168.17,170.4 1 0
github.com/layer5io/meshery/mesheryctl/internal/cli/root/app/import.go:171.3,174.29 3 0
github.com/layer5io/meshery/mesheryctl/internal/cli/root/app/import.go:174.29,176.4 1 0
github.com/layer5io/meshery/mesheryctl/internal/cli/root/app/import.go:177.3,180.17 3 0
github.com/layer5io/meshery/mesheryctl/internal/cli/root/app/import.go:180.17,183.4 2 0
github.com/layer5io/meshery/mesheryctl/internal/cli/root/app/import.go:184.3,185.17 2 0
github.com/layer5io/meshery/mesheryctl/internal/cli/root/app/import.go:185.17,188.4 2 0
github.com/layer5io/meshery/mesheryctl/internal/cli/root/app/import.go:191.3,191.20 1 0
github.com/layer5io/meshery/mesheryctl/internal/cli/root/app/import.go:194.2,194.17 1 2
github.com/layer5io/meshery/mesheryctl/internal/cli/root/app/import.go:197.13,200.2 2 1
github.com/layer5io/meshery/mesheryctl/internal/cli/root/app/list.go:52.54,54.17 2 1
github.com/layer5io/meshery/mesheryctl/internal/cli/root/app/list.go:54.17,56.4 1 0
github.com/layer5io/meshery/mesheryctl/internal/cli/root/app/list.go:58.3,61.17 4 1
github.com/layer5io/meshery/mesheryctl/internal/cli/root/app/list.go:61.17,63.4 1 0
github.com/layer5io/meshery/mesheryctl/internal/cli/root/app/list.go:65.3,66.17 2 1
github.com/layer5io/meshery/mesheryctl/internal/cli/root/app/list.go:66.17,68.4 1 0
github.com/layer5io/meshery/mesheryctl/internal/cli/root/app/list.go:69.3,71.17 3 1
github.com/layer5io/meshery/mesheryctl/internal/cli/root/app/list.go:71.17,73.4 1 0
github.com/layer5io/meshery/mesheryctl/internal/cli/root/app/list.go:74.3,75.17 2 1
github.com/layer5io/meshery/mesheryctl/internal/cli/root/app/list.go:75.17,77.4 1 0
github.com/layer5io/meshery/mesheryctl/internal/cli/root/app/list.go:78.3,79.17 2 1
github.com/layer5io/meshery/mesheryctl/internal/cli/root/app/list.go:79.17,81.4 1 0
github.com/layer5io/meshery/mesheryctl/internal/cli/root/app/list.go:82.3,85.14 3 1
github.com/layer5io/meshery/mesheryctl/internal/cli/root/app/list.go:85.14,86.26 1 0
github.com/layer5io/meshery/mesheryctl/internal/cli/root/app/list.go:86.26,87.45 1 0
github.com/layer5io/meshery/mesheryctl/internal/cli/root/app/list.go:87.45,93.6 5 0
github.com/layer5io/meshery/mesheryctl/internal/cli/root/app/list.go:94.5,95.15 2 0
github.com/layer5io/meshery/mesheryctl/internal/cli/root/app/list.go:98.4,98.44 1 0
github.com/layer5io/meshery/mesheryctl/internal/cli/root/app/list.go:98.44,101.24 3 0
github.com/layer5io/meshery/mesheryctl/internal/cli/root/app/list.go:101.24,103.6 1 0
github.com/layer5io/meshery/mesheryctl/internal/cli/root/app/list.go:103.11,105.6 1 0
github.com/layer5io/meshery/mesheryctl/internal/cli/root/app/list.go:106.5,109.80 4 0
github.com/layer5io/meshery/mesheryctl/internal/cli/root/app/list.go:111.4,113.14 2 0
github.com/layer5io/meshery/mesheryctl/internal/cli/root/app/list.go:117.3,117.25 1 1
github.com/layer5io/meshery/mesheryctl/internal/cli/root/app/list.go:117.25,118.44 1 0
github.com/layer5io/meshery/mesheryctl/internal/cli/root/app/list.go:118.44,124.5 5 0
github.com/layer5io/meshery/mesheryctl/internal/cli/root/app/list.go:125.4,126.14 2 0
github.com/layer5io/meshery/mesheryctl/internal/cli/root/app/list.go:128.3,128.43 1 1
github.com/layer5io/meshery/mesheryctl/internal/cli/root/app/list.go:128.43,131.23 3 3
github.com/layer5io/meshery/mesheryctl/internal/cli/root/app/list.go:131.23,133.5 1 0
github.com/layer5io/meshery/mesheryctl/internal/cli/root/app/list.go:133.10,135.5 1 3
github.com/layer5io/meshery/mesheryctl/internal/cli/root/app/list.go:136.4,139.79 4 3
github.com/layer5io/meshery/mesheryctl/internal/cli/root/app/list.go:141.3,143.13 2 1
github.com/layer5io/meshery/mesheryctl/internal/cli/root/app/list.go:148.13,150.2 1 1
github.com/layer5io/meshery/mesheryctl/internal/cli/root/app/offboard.go:43.54,44.48 1 1
github.com/layer5io/meshery/mesheryctl/internal/cli/root/app/offboard.go:44.48,47.4 2 0
github.com/layer5io/meshery/mesheryctl/internal/cli/root/app/offboard.go:48.3,53.17 5 1
github.com/layer5io/meshery/mesheryctl/internal/cli/root/app/offboard.go:53.17,55.4 1 0
github.com/layer5io/meshery/mesheryctl/internal/cli/root/app/offboard.go:57.3,59.20 3 1
github.com/layer5io/meshery/mesheryctl/internal/cli/root/app/offboard.go:59.20,61.18 2 0
github.com/layer5io/meshery/mesheryctl/internal/cli/root/app/offboard.go:61.18,63.5 1 0
github.com/layer5io/meshery/mesheryctl/internal/cli/root/app/offboard.go:67.3,67.11 1 1
github.com/layer5io/meshery/mesheryctl/internal/cli/root/app/offboard.go:67.11,69.18 2 0
github.com/layer5io/meshery/mesheryctl/internal/cli/root/app/offboard.go:69.18,71.5 1 0
github.com/layer5io/meshery/mesheryctl/internal/cli/root/app/offboard.go:72.4,73.14 2 0
github.com/layer5io/meshery/mesheryctl/internal/cli/root/app/offboard.go:76.3,80.31 3 1
github.com/layer5io/meshery/mesheryctl/internal/cli/root/app/offboard.go:80.31,82.18 2 1
github.com/layer5io/meshery/mesheryctl/internal/cli/root/app/offboard.go:82.18,84.5 1 0
github.com/layer5io/meshery/mesheryctl/internal/cli/root/app/offboard.go:86.4,86.29 1 1
github.com/layer5io/meshery/mesheryctl/internal/cli/root/app/offboard.go:87.9,89.4 1 0
github.com/layer5io/meshery/mesheryctl/internal/cli/root/app/offboard.go:92.3,97.17 3 1
github.com/layer5io/meshery/mesheryctl/internal/cli/root/app/offboard.go:97.17,99.4 1 0
github.com/layer5io/meshery/mesheryctl/internal/cli/root/app/offboard.go:101.3,102.17 2 1
github.com/layer5io/meshery/mesheryctl/internal/cli/root/app/offboard.go:102.17,104.4 1 0
github.com/layer5io/meshery/mesheryctl/internal/cli/root/app/offboard.go:105.3,109.29 3 1
github.com/layer5io/meshery/mesheryctl/internal/cli/root/app/offboard.go:109.29,111.4 1 0
github.com/layer5io/meshery/mesheryctl/internal/cli/root/app/offboard.go:113.3,114.17 2 1
github.com/layer5io/meshery/mesheryctl/internal/cli/root/app/offboard.go:114.17,116.4 1 0
github.com/layer5io/meshery/mesheryctl/internal/cli/root/app/offboard.go:118.3,119.17 2 1
github.com/layer5io/meshery/mesheryctl/internal/cli/root/app/offboard.go:119.17,121.4 1 0
github.com/layer5io/meshery/mesheryctl/internal/cli/root/app/offboard.go:123.3,128.17 4 1
github.com/layer5io/meshery/mesheryctl/internal/cli/root/app/offboard.go:128.17,130.4 1 0
github.com/layer5io/meshery/mesheryctl/internal/cli/root/app/offboard.go:132.3,133.17 2 1
github.com/layer5io/meshery/mesheryctl/internal/cli/root/app/offboard.go:133.17,135.4 1 0
github.com/layer5io/meshery/mesheryctl/internal/cli/root/app/offboard.go:137.3,139.17 3 1
github.com/layer5io/meshery/mesheryctl/internal/cli/root/app/offboard.go:139.17,141.4 1 0
github.com/layer5io/meshery/mesheryctl/internal/cli/root/app/offboard.go:143.3,143.28 1 1
github.com/layer5io/meshery/mesheryctl/internal/cli/root/app/offboard.go:143.28,145.4 1 1
github.com/layer5io/meshery/mesheryctl/internal/cli/root/app/offboard.go:146.3,148.13 2 1
github.com/layer5io/meshery/mesheryctl/internal/cli/root/app/offboard.go:152.13,154.2 1 1
github.com/layer5io/meshery/mesheryctl/internal/cli/root/app/onboard.go:57.52,62.35 2 2
github.com/layer5io/meshery/mesheryctl/internal/cli/root/app/onboard.go:62.35,64.4 1 0
github.com/layer5io/meshery/mesheryctl/internal/cli/root/app/onboard.go:65.3,65.13 1 2
github.com/layer5io/meshery/mesheryctl/internal/cli/root/app/onboard.go:67.57,69.3 1 2
github.com/layer5io/meshery/mesheryctl/internal/cli/root/app/onboard.go:70.54,76.17 5 2
github.com/layer5io/meshery/mesheryctl/internal/cli/root/app/onboard.go:76.17,78.4 1 0
github.com/layer5io/meshery/mesheryctl/internal/cli/root/app/onboard.go:80.3,84.20 3 2
github.com/layer5io/meshery/mesheryctl/internal/cli/root/app/onboard.go:84.20,92.18 4 0
github.com/layer5io/meshery/mesheryctl/internal/cli/root/app/onboard.go:92.18,94.5 1 0
github.com/layer5io/meshery/mesheryctl/internal/cli/root/app/onboard.go:96.4,97.18 2 0
github.com/layer5io/meshery/mesheryctl/internal/cli/root/app/onboard.go:97.18,99.5 1 0
github.com/layer5io/meshery/mesheryctl/internal/cli/root/app/onboard.go:101.4,103.30 2 0
github.com/layer5io/meshery/mesheryctl/internal/cli/root/app/onboard.go:103.30,105.5 1 0
github.com/layer5io/meshery/mesheryctl/internal/cli/root/app/onboard.go:106.4,108.18 3 0
github.com/layer5io/meshery/mesheryctl/internal/cli/root/app/onboard.go:108.18,111.5 2 0
github.com/layer5io/meshery/mesheryctl/internal/cli/root/app/onboard.go:112.4,113.18 2 0
github.com/layer5io/meshery/mesheryctl/internal/cli/root/app/onboard.go:113.18,116.5 2 0
github.com/layer5io/meshery/mesheryctl/internal/cli/root/app/onboard.go:118.4,119.39 2 0
github.com/layer5io/meshery/mesheryctl/internal/cli/root/app/onboard.go:119.39,121.5 1 0
github.com/layer5io/meshery/mesheryctl/internal/cli/root/app/onboard.go:121.10,121.46 1 0
github.com/layer5io/meshery/mesheryctl/internal/cli/root/app/onboard.go:121.46,123.5 1 0
github.com/layer5io/meshery/mesheryctl/internal/cli/root/app/onboard.go:123.10,127.5 2 0
github.com/layer5io/meshery/mesheryctl/internal/cli/root/app/onboard.go:128.9,130.34 1 2
github.com/layer5io/meshery/mesheryctl/internal/cli/root/app/onboard.go:130.34,132.5 1 0
github.com/layer5io/meshery/mesheryctl/internal/cli/root/app/onboard.go:133.4,134.18 2 2
github.com/layer5io/meshery/mesheryctl/internal/cli/root/app/onboard.go:134.18,136.5 1 0
github.com/layer5io/meshery/mesheryctl/internal/cli/root/app/onboard.go:138.4,138.33 1 2
github.com/layer5io/meshery/mesheryctl/internal/cli/root/app/onboard.go:141.3,142.17 2 2
github.com/layer5io/meshery/mesheryctl/internal/cli/root/app/onboard.go:142.17,144.4 1 0
github.com/layer5io/meshery/mesheryctl/internal/cli/root/app/onboard.go:146.3,147.17 2 2
github.com/layer5io/meshery/mesheryctl/internal/cli/root/app/onboard.go:147.17,149.4 1 0
github.com/layer5io/meshery/mesheryctl/internal/cli/root/app/onboard.go:151.3,153.17 3 2
github.com/layer5io/meshery/mesheryctl/internal/cli/root/app/onboard.go:153.17,155.4 1 0
github.com/layer5io/meshery/mesheryctl/internal/cli/root/app/onboard.go:157.3,157.28 1 2
github.com/layer5io/meshery/mesheryctl/internal/cli/root/app/onboard.go:157.28,159.4 1 2
github.com/layer5io/meshery/mesheryctl/internal/cli/root/app/onboard.go:160.3,161.13 2 2
github.com/layer5io/meshery/mesheryctl/internal/cli/root/app/onboard.go:165.81,168.33 2 0
github.com/layer5io/meshery/mesheryctl/internal/cli/root/app/onboard.go:168.33,175.3 6 0
github.com/layer5io/meshery/mesheryctl/internal/cli/root/app/onboard.go:177.2,177.6 1 0
github.com/layer5io/meshery/mesheryctl/internal/cli/root/app/onboard.go:177.6,180.17 3 0
github.com/layer5io/meshery/mesheryctl/internal/cli/root/app/onboard.go:180.17,182.4 1 0
github.com/layer5io/meshery/mesheryctl/internal/cli/root/app/onboard.go:183.3,185.17 3 0
github.com/layer5io/meshery/mesheryctl/internal/cli/root/app/onboard.go:185.17,187.4 1 0
github.com/layer5io/meshery/mesheryctl/internal/cli/root/app/onboard.go:188.3,188.42 1 0
github.com/layer5io/meshery/mesheryctl/internal/cli/root/app/onboard.go:188.42,190.4 1 0
github.com/layer5io/meshery/mesheryctl/internal/cli/root/app/onboard.go:190.9,192.4 1 0
github.com/layer5io/meshery/mesheryctl/internal/cli/root/app/onboard.go:196.13,200.2 3 1
github.com/layer5io/meshery/mesheryctl/internal/cli/root/app/view.go:58.54,60.17 2 4
github.com/layer5io/meshery/mesheryctl/internal/cli/root/app/view.go:60.17,62.4 1 0
github.com/layer5io/meshery/mesheryctl/internal/cli/root/app/view.go:64.3,68.20 4 4
github.com/layer5io/meshery/mesheryctl/internal/cli/root/app/view.go:68.20,69.19 1 3
github.com/layer5io/meshery/mesheryctl/internal/cli/root/app/view.go:69.19,71.5 1 0
github.com/layer5io/meshery/mesheryctl/internal/cli/root/app/view.go:72.4,73.18 2 3
github.com/layer5io/meshery/mesheryctl/internal/cli/root/app/view.go:73.18,75.5 1 0
github.com/layer5io/meshery/mesheryctl/internal/cli/root/app/view.go:77.3,82.28 5 4
github.com/layer5io/meshery/mesheryctl/internal/cli/root/app/view.go:82.28,83.19 1 1
github.com/layer5io/meshery/mesheryctl/internal/cli/root/app/view.go:83.19,85.5 1 1
github.com/layer5io/meshery/mesheryctl/internal/cli/root/app/view.go:85.10,87.5 1 0
github.com/layer5io/meshery/mesheryctl/internal/cli/root/app/view.go:88.9,88.18 1 3
github.com/layer5io/meshery/mesheryctl/internal/cli/root/app/view.go:88.18,91.4 1 1
github.com/layer5io/meshery/mesheryctl/internal/cli/root/app/view.go:91.9,94.4 1 2
github.com/layer5io/meshery/mesheryctl/internal/cli/root/app/view.go:96.3,98.17 3 4
github.com/layer5io/meshery/mesheryctl/internal/cli/root/app/view.go:98.17,100.4 1 0
github.com/layer5io/meshery/mesheryctl/internal/cli/root/app/view.go:102.3,103.17 2 4
github.com/layer5io/meshery/mesheryctl/internal/cli/root/app/view.go:103.17,105.4 1 0
github.com/layer5io/meshery/mesheryctl/internal/cli/root/app/view.go:106.3,106.28 1 4
github.com/layer5io/meshery/mesheryctl/internal/cli/root/app/view.go:106.28,109.4 1 0
github.com/layer5io/meshery/mesheryctl/internal/cli/root/app/view.go:111.3,113.17 3 4
github.com/layer5io/meshery/mesheryctl/internal/cli/root/app/view.go:113.17,115.4 1 0
github.com/layer5io/meshery/mesheryctl/internal/cli/root/app/view.go:117.3,118.51 2 4
github.com/layer5io/meshery/mesheryctl/internal/cli/root/app/view.go:118.51,120.4 1 0
github.com/layer5io/meshery/mesheryctl/internal/cli/root/app/view.go:121.3,121.11 1 4
github.com/layer5io/meshery/mesheryctl/internal/cli/root/app/view.go:121.11,122.65 1 1
github.com/layer5io/meshery/mesheryctl/internal/cli/root/app/view.go:122.65,124.5 1 0
github.com/layer5io/meshery/mesheryctl/internal/cli/root/app/view.go:125.9,125.25 1 3
github.com/layer5io/meshery/mesheryctl/internal/cli/root/app/view.go:125.25,126.121 1 1
github.com/layer5io/meshery/mesheryctl/internal/cli/root/app/view.go:126.121,128.5 1 0
github.com/layer5io/meshery/mesheryctl/internal/cli/root/app/view.go:129.9,130.57 1 2
github.com/layer5io/meshery/mesheryctl/internal/cli/root/app/view.go:130.57,132.5 1 0
github.com/layer5io/meshery/mesheryctl/internal/cli/root/app/view.go:133.4,133.32 1 2
github.com/layer5io/meshery/mesheryctl/internal/cli/root/app/view.go:133.32,135.5 1 1
github.com/layer5io/meshery/mesheryctl/internal/cli/root/app/view.go:137.4,137.46 1 1
github.com/layer5io/meshery/mesheryctl/internal/cli/root/app/view.go:137.46,138.37 1 3
github.com/layer5io/meshery/mesheryctl/internal/cli/root/app/view.go:138.37,140.6 1 0
github.com/layer5io/meshery/mesheryctl/internal/cli/root/app/view.go:141.5,142.19 2 3
github.com/layer5io/meshery/mesheryctl/internal/cli/root/app/view.go:142.19,144.6 1 0
github.com/layer5io/meshery/mesheryctl/internal/cli/root/app/view.go:145.5,145.32 1 3
github.com/layer5io/meshery/mesheryctl/internal/cli/root/app/view.go:145.32,147.14 2 0
github.com/layer5io/meshery/mesheryctl/internal/cli/root/app/view.go:149.5,149.32 1 3
github.com/layer5io/meshery/mesheryctl/internal/cli/root/app/view.go:149.32,150.55 1 3
github.com/layer5io/meshery/mesheryctl/internal/cli/root/app/view.go:150.55,152.7 1 0
github.com/layer5io/meshery/mesheryctl/internal/cli/root/app/view.go:153.6,154.14 2 3
github.com/layer5io/meshery/mesheryctl/internal/cli/root/app/view.go:159.3,159.30 1 3
github.com/layer5io/meshery/mesheryctl/internal/cli/root/app/view.go:159.30,160.53 1 3
github.com/layer5io/meshery/mesheryctl/internal/cli/root/app/view.go:160.53,162.5 1 0
github.com/layer5io/meshery/mesheryctl/internal/cli/root/app/view.go:163.9,163.37 1 0
github.com/layer5io/meshery/mesheryctl/internal/cli/root/app/view.go:163.37,165.4 1 0
github.com/layer5io/meshery/mesheryctl/internal/cli/root/app/view.go:166.3,166.26 1 3
github.com/layer5io/meshery/mesheryctl/internal/cli/root/app/view.go:166.26,168.4 1 2
github.com/layer5io/meshery/mesheryctl/internal/cli/root/app/view.go:169.3,169.13 1 3
github.com/layer5io/meshery/mesheryctl/internal/cli/root/app/view.go:173.13,176.2 2 1
github.com/layer5io/meshery/mesheryctl/pkg/utils/auth.go:31.83,34.16 2 1
github.com/layer5io/meshery/mesheryctl/pkg/utils/auth.go:34.16,36.3 1 0
github.com/layer5io/meshery/mesheryctl/pkg/utils/auth.go:39.2,40.21 2 1
github.com/layer5io/meshery/mesheryctl/pkg/utils/auth.go:40.21,42.17 2 0
github.com/layer5io/meshery/mesheryctl/pkg/utils/auth.go:42.17,44.4 1 0
github.com/layer5io/meshery/mesheryctl/pkg/utils/auth.go:46.3,46.24 1 0
github.com/layer5io/meshery/mesheryctl/pkg/utils/auth.go:49.2,50.26 2 1
github.com/layer5io/meshery/mesheryctl/pkg/utils/auth.go:50.26,52.3 1 0
github.com/layer5io/meshery/mesheryctl/pkg/utils/auth.go:54.2,58.16 3 1
github.com/layer5io/meshery/mesheryctl/pkg/utils/auth.go:58.16,60.3 1 0
github.com/layer5io/meshery/mesheryctl/pkg/utils/auth.go:62.2,62.17 1 1
github.com/layer5io/meshery/mesheryctl/pkg/utils/auth.go:67.61,73.31 3 0
github.com/layer5io/meshery/mesheryctl/pkg/utils/auth.go:73.31,75.3 1 0
github.com/layer5io/meshery/mesheryctl/pkg/utils/auth.go:79.2,79.28 1 0
github.com/layer5io/meshery/mesheryctl/pkg/utils/auth.go:79.28,81.3 1 0
github.com/layer5io/meshery/mesheryctl/pkg/utils/auth.go:84.2,84.29 1 0
github.com/layer5io/meshery/mesheryctl/pkg/utils/auth.go:84.29,86.3 1 0
github.com/layer5io/meshery/mesheryctl/pkg/utils/auth.go:89.2,89.28 1 0
github.com/layer5io/meshery/mesheryctl/pkg/utils/auth.go:89.28,91.3 1 0
github.com/layer5io/meshery/mesheryctl/pkg/utils/auth.go:93.2,93.18 1 0
github.com/layer5io/meshery/mesheryctl/pkg/utils/auth.go:97.59,100.16 2 0
github.com/layer5io/meshery/mesheryctl/pkg/utils/auth.go:100.16,102.3 1 0
github.com/layer5io/meshery/mesheryctl/pkg/utils/auth.go:104.2,107.8 3 0
github.com/layer5io/meshery/mesheryctl/pkg/utils/auth.go:107.8,109.3 1 0
github.com/layer5io/meshery/mesheryctl/pkg/utils/auth.go:112.2,112.52 1 0
github.com/layer5io/meshery/mesheryctl/pkg/utils/auth.go:116.44,119.16 2 0
github.com/layer5io/meshery/mesheryctl/pkg/utils/auth.go:119.16,121.3 1 0
github.com/layer5io/meshery/mesheryctl/pkg/utils/auth.go:123.2,124.16 2 0
github.com/layer5io/meshery/mesheryctl/pkg/utils/auth.go:124.16,129.75 2 0
github.com/layer5io/meshery/mesheryctl/pkg/utils/auth.go:129.75,131.4 1 0
github.com/layer5io/meshery/mesheryctl/pkg/utils/auth.go:134.2,135.16 2 0
github.com/layer5io/meshery/mesheryctl/pkg/utils/auth.go:135.16,137.3 1 0
github.com/layer5io/meshery/mesheryctl/pkg/utils/auth.go:139.2,139.27 1 0
github.com/layer5io/meshery/mesheryctl/pkg/utils/auth.go:143.63,145.16 2 1
github.com/layer5io/meshery/mesheryctl/pkg/utils/auth.go:145.16,148.3 2 0
github.com/layer5io/meshery/mesheryctl/pkg/utils/auth.go:149.2,150.56 2 1
github.com/layer5io/meshery/mesheryctl/pkg/utils/auth.go:150.56,153.3 2 0
github.com/layer5io/meshery/mesheryctl/pkg/utils/auth.go:154.2,164.12 3 1
github.com/layer5io/meshery/mesheryctl/pkg/utils/auth.go:168.47,170.16 2 0
github.com/layer5io/meshery/mesheryctl/pkg/utils/auth.go:170.16,172.3 1 0
github.com/layer5io/meshery/mesheryctl/pkg/utils/auth.go:175.2,176.16 2 0
github.com/layer5io/meshery/mesheryctl/pkg/utils/auth.go:176.16,179.3 2 0
github.com/layer5io/meshery/mesheryctl/pkg/utils/auth.go:180.2,180.54 1 0
github.com/layer5io/meshery/mesheryctl/pkg/utils/auth.go:180.54,182.3 1 0
github.com/layer5io/meshery/mesheryctl/pkg/utils/auth.go:184.2,188.16 4 0
github.com/layer5io/meshery/mesheryctl/pkg/utils/auth.go:188.16,191.3 2 0
github.com/layer5io/meshery/mesheryctl/pkg/utils/auth.go:193.2,194.16 2 0
github.com/layer5io/meshery/mesheryctl/pkg/utils/auth.go:194.16,197.3 2 0
github.com/layer5io/meshery/mesheryctl/pkg/utils/auth.go:199.2,199.29 1 0
github.com/layer5io/meshery/mesheryctl/pkg/utils/auth.go:199.29,201.3 1 0
github.com/layer5io/meshery/mesheryctl/pkg/utils/auth.go:203.2,203.50 1 0
github.com/layer5io/meshery/mesheryctl/pkg/utils/auth.go:207.60,209.16 2 1
github.com/layer5io/meshery/mesheryctl/pkg/utils/auth.go:209.16,212.3 2 0
github.com/layer5io/meshery/mesheryctl/pkg/utils/auth.go:213.2,214.56 2 1
github.com/layer5io/meshery/mesheryctl/pkg/utils/auth.go:214.56,217.3 2 0
github.com/layer5io/meshery/mesheryctl/pkg/utils/auth.go:218.2,218.22 1 1
github.com/layer5io/meshery/mesheryctl/pkg/utils/auth.go:225.99,232.16 4 0
github.com/layer5io/meshery/mesheryctl/pkg/utils/auth.go:232.16,234.3 1 0
github.com/layer5io/meshery/mesheryctl/pkg/utils/auth.go:236.2,238.12 2 0
github.com/layer5io/meshery/mesheryctl/pkg/utils/auth.go:238.12,239.45 1 0
github.com/layer5io/meshery/mesheryctl/pkg/utils/auth.go:239.45,240.35 1 0
github.com/layer5io/meshery/mesheryctl/pkg/utils/auth.go:240.35,242.5 1 0
github.com/layer5io/meshery/mesheryctl/pkg/utils/auth.go:246.2,246.54 1 0
github.com/layer5io/meshery/mesheryctl/pkg/utils/auth.go:250.85,253.16 2 0
github.com/layer5io/meshery/mesheryctl/pkg/utils/auth.go:253.16,255.3 1 0
github.com/layer5io/meshery/mesheryctl/pkg/utils/auth.go:258.2,259.18 2 0
github.com/layer5io/meshery/mesheryctl/pkg/utils/auth.go:259.18,262.3 1 0
github.com/layer5io/meshery/mesheryctl/pkg/utils/auth.go:262.8,265.3 1 0
github.com/layer5io/meshery/mesheryctl/pkg/utils/auth.go:267.2,267.16 1 0
github.com/layer5io/meshery/mesheryctl/pkg/utils/auth.go:267.16,269.3 1 0
github.com/layer5io/meshery/mesheryctl/pkg/utils/auth.go:271.2,276.32 3 0
github.com/layer5io/meshery/mesheryctl/pkg/utils/auth.go:276.32,278.17 2 0
github.com/layer5io/meshery/mesheryctl/pkg/utils/auth.go:278.17,280.4 1 0
github.com/layer5io/meshery/mesheryctl/pkg/utils/auth.go:281.8,283.17 2 0
[...]
github.com/layer5io/meshery/mesheryctl/internal/cli/root/system/status.go:110.18,112.5 1 0
github.com/layer5io/meshery/mesheryctl/internal/cli/root/system/status.go:114.4,116.49 2 0
github.com/layer5io/meshery/mesheryctl/internal/cli/root/system/status.go:116.49,118.5 1 0
github.com/layer5io/meshery/mesheryctl/internal/cli/root/system/status.go:120.4,127.18 3 0
github.com/layer5io/meshery/mesheryctl/internal/cli/root/system/status.go:127.18,130.5 1 0
github.com/layer5io/meshery/mesheryctl/internal/cli/root/system/status.go:132.4,132.34 1 0
github.com/layer5io/meshery/mesheryctl/internal/cli/root/system/status.go:132.34,134.5 1 0
github.com/layer5io/meshery/mesheryctl/internal/cli/root/system/status.go:136.4,136.15 1 0
github.com/layer5io/meshery/mesheryctl/internal/cli/root/system/status.go:137.21,144.18 2 0
github.com/layer5io/meshery/mesheryctl/internal/cli/root/system/status.go:144.18,146.5 1 0
github.com/layer5io/meshery/mesheryctl/internal/cli/root/system/status.go:149.4,151.18 2 0
github.com/layer5io/meshery/mesheryctl/internal/cli/root/system/status.go:151.18,153.5 1 0
github.com/layer5io/meshery/mesheryctl/internal/cli/root/system/status.go:155.4,158.38 3 0
github.com/layer5io/meshery/mesheryctl/internal/cli/root/system/status.go:158.38,169.77 7 0
github.com/layer5io/meshery/mesheryctl/internal/cli/root/system/status.go:169.77,171.49 1 0
github.com/layer5io/meshery/mesheryctl/internal/cli/root/system/status.go:171.49,173.55 2 0
github.com/layer5io/meshery/mesheryctl/internal/cli/root/system/status.go:173.55,175.8 1 0
github.com/layer5io/meshery/mesheryctl/internal/cli/root/system/status.go:176.7,176.24 1 0
github.com/layer5io/meshery/mesheryctl/internal/cli/root/system/status.go:181.5,189.22 7 0
github.com/layer5io/meshery/mesheryctl/internal/cli/root/system/status.go:189.22,192.6 2 0
github.com/layer5io/meshery/mesheryctl/internal/cli/root/system/status.go:193.5,193.29 1 0
github.com/layer5io/meshery/mesheryctl/internal/cli/root/system/status.go:195.4,195.21 1 0
github.com/layer5io/meshery/mesheryctl/internal/cli/root/system/status.go:195.21,198.5 2 0
github.com/layer5io/meshery/mesheryctl/internal/cli/root/system/status.go:200.4,202.62 2 0
github.com/layer5io/meshery/mesheryctl/internal/cli/root/system/status.go:204.3,204.13 1 0
github.com/layer5io/meshery/mesheryctl/internal/cli/root/system/status.go:208.13,210.2 1 1
github.com/layer5io/meshery/mesheryctl/internal/cli/root/system/stop.go:60.57,68.17 3 0
github.com/layer5io/meshery/mesheryctl/internal/cli/root/system/stop.go:68.17,70.4 1 0
github.com/layer5io/meshery/mesheryctl/internal/cli/root/system/stop.go:71.3,71.39 1 0
github.com/layer5io/meshery/mesheryctl/internal/cli/root/system/stop.go:73.54,74.21 1 0
github.com/layer5io/meshery/mesheryctl/internal/cli/root/system/stop.go:74.21,76.4 1 0
github.com/layer5io/meshery/mesheryctl/internal/cli/root/system/stop.go:77.3,77.32 1 0
github.com/layer5io/meshery/mesheryctl/internal/cli/root/system/stop.go:77.32,79.4 1 0
github.com/layer5io/meshery/mesheryctl/internal/cli/root/system/stop.go:80.3,80.13 1 0
github.com/layer5io/meshery/mesheryctl/internal/cli/root/system/stop.go:84.19,87.16 2 0
github.com/layer5io/meshery/mesheryctl/internal/cli/root/system/stop.go:87.16,89.3 1 0
github.com/layer5io/meshery/mesheryctl/internal/cli/root/system/stop.go:92.2,93.16 2 0
github.com/layer5io/meshery/mesheryctl/internal/cli/root/system/stop.go:93.16,95.3 1 0
github.com/layer5io/meshery/mesheryctl/internal/cli/root/system/stop.go:97.2,98.16 2 0
github.com/layer5io/meshery/mesheryctl/internal/cli/root/system/stop.go:98.16,100.3 1 0
github.com/layer5io/meshery/mesheryctl/internal/cli/root/system/stop.go:102.2,103.16 2 0
github.com/layer5io/meshery/mesheryctl/internal/cli/root/system/stop.go:103.16,105.3 1 0
github.com/layer5io/meshery/mesheryctl/internal/cli/root/system/stop.go:107.2,107.25 1 0
github.com/layer5io/meshery/mesheryctl/internal/cli/root/system/stop.go:107.25,110.3 2 0
github.com/layer5io/meshery/mesheryctl/internal/cli/root/system/stop.go:112.2,112.31 1 0
github.com/layer5io/meshery/mesheryctl/internal/cli/root/system/stop.go:113.16,115.65 1 0
github.com/layer5io/meshery/mesheryctl/internal/cli/root/system/stop.go:115.65,116.62 1 0
github.com/layer5io/meshery/mesheryctl/internal/cli/root/system/stop.go:116.62,118.5 1 0
github.com/layer5io/meshery/mesheryctl/internal/cli/root/system/stop.go:121.3,128.36 5 0
github.com/layer5io/meshery/mesheryctl/internal/cli/root/system/stop.go:128.36,130.4 1 0
github.com/layer5io/meshery/mesheryctl/internal/cli/root/system/stop.go:133.3,136.36 3 0
github.com/layer5io/meshery/mesheryctl/internal/cli/root/system/stop.go:136.36,138.4 1 0
github.com/layer5io/meshery/mesheryctl/internal/cli/root/system/stop.go:139.3,139.44 1 0
github.com/layer5io/meshery/mesheryctl/internal/cli/root/system/stop.go:140.20,142.17 2 0
github.com/layer5io/meshery/mesheryctl/internal/cli/root/system/stop.go:142.17,144.4 1 0
github.com/layer5io/meshery/mesheryctl/internal/cli/root/system/stop.go:146.3,147.23 2 0
github.com/layer5io/meshery/mesheryctl/internal/cli/root/system/stop.go:147.23,149.4 1 0
github.com/layer5io/meshery/mesheryctl/internal/cli/root/system/stop.go:149.9,152.4 1 0
github.com/layer5io/meshery/mesheryctl/internal/cli/root/system/stop.go:154.3,154.20 1 0
github.com/layer5io/meshery/mesheryctl/internal/cli/root/system/stop.go:154.20,157.4 2 0
github.com/layer5io/meshery/mesheryctl/internal/cli/root/system/stop.go:159.3,163.48 2 0
github.com/layer5io/meshery/mesheryctl/internal/cli/root/system/stop.go:163.48,165.4 1 0
github.com/layer5io/meshery/mesheryctl/internal/cli/root/system/stop.go:167.3,167.18 1 0
github.com/layer5io/meshery/mesheryctl/internal/cli/root/system/stop.go:167.18,168.53 1 0
github.com/layer5io/meshery/mesheryctl/internal/cli/root/system/stop.go:168.53,170.5 1 0
github.com/layer5io/meshery/mesheryctl/internal/cli/root/system/stop.go:171.9,190.18 2 0
github.com/layer5io/meshery/mesheryctl/internal/cli/root/system/stop.go:190.18,192.5 1 0
github.com/layer5io/meshery/mesheryctl/internal/cli/root/system/stop.go:196.3,196.43 1 0
github.com/layer5io/meshery/mesheryctl/internal/cli/root/system/stop.go:196.43,198.4 1 0
github.com/layer5io/meshery/mesheryctl/internal/cli/root/system/stop.go:200.3,200.27 1 0
github.com/layer5io/meshery/mesheryctl/internal/cli/root/system/stop.go:200.27,202.77 2 0
github.com/layer5io/meshery/mesheryctl/internal/cli/root/system/stop.go:202.77,204.5 1 0
github.com/layer5io/meshery/mesheryctl/internal/cli/root/system/stop.go:206.4,207.30 2 0
github.com/layer5io/meshery/mesheryctl/internal/cli/root/system/stop.go:207.30,209.5 1 0
github.com/layer5io/meshery/mesheryctl/internal/cli/root/system/stop.go:209.10,211.5 1 0
github.com/layer5io/meshery/mesheryctl/internal/cli/root/system/stop.go:212.9,214.4 1 0
github.com/layer5io/meshery/mesheryctl/internal/cli/root/system/stop.go:218.2,218.21 1 0
github.com/layer5io/meshery/mesheryctl/internal/cli/root/system/stop.go:218.21,220.17 2 0
github.com/layer5io/meshery/mesheryctl/internal/cli/root/system/stop.go:220.17,222.4 1 0
github.com/layer5io/meshery/mesheryctl/internal/cli/root/system/stop.go:224.2,224.12 1 0
github.com/layer5io/meshery/mesheryctl/internal/cli/root/system/stop.go:228.56,236.81 2 0
github.com/layer5io/meshery/mesheryctl/internal/cli/root/system/stop.go:236.81,238.19 2 0
github.com/layer5io/meshery/mesheryctl/internal/cli/root/system/stop.go:238.19,240.4 1 0
github.com/layer5io/meshery/mesheryctl/internal/cli/root/system/stop.go:242.3,242.17 1 0
github.com/layer5io/meshery/mesheryctl/internal/cli/root/system/stop.go:245.2,245.85 1 0
github.com/layer5io/meshery/mesheryctl/internal/cli/root/system/stop.go:245.85,247.19 2 0
github.com/layer5io/meshery/mesheryctl/internal/cli/root/system/stop.go:247.19,249.4 1 0
github.com/layer5io/meshery/mesheryctl/internal/cli/root/system/stop.go:251.3,251.17 1 0
github.com/layer5io/meshery/mesheryctl/internal/cli/root/system/stop.go:254.2,254.12 1 0
github.com/layer5io/meshery/mesheryctl/internal/cli/root/system/stop.go:258.84,264.2 1 0
github.com/layer5io/meshery/mesheryctl/internal/cli/root/system/stop.go:267.31,275.16 4 0
github.com/layer5io/meshery/mesheryctl/internal/cli/root/system/stop.go:275.16,277.19 2 0
github.com/layer5io/meshery/mesheryctl/internal/cli/root/system/stop.go:277.19,279.4 1 0
github.com/layer5io/meshery/mesheryctl/internal/cli/root/system/stop.go:281.3,281.17 1 0
github.com/layer5io/meshery/mesheryctl/internal/cli/root/system/stop.go:284.2,284.56 1 0
github.com/layer5io/meshery/mesheryctl/internal/cli/root/system/stop.go:284.56,286.19 2 0
github.com/layer5io/meshery/mesheryctl/internal/cli/root/system/stop.go:286.19,288.4 1 0
github.com/layer5io/meshery/mesheryctl/internal/cli/root/system/stop.go:290.3,290.17 1 0
github.com/layer5io/meshery/mesheryctl/internal/cli/root/system/stop.go:293.2,293.58 1 0
github.com/layer5io/meshery/mesheryctl/internal/cli/root/system/stop.go:293.58,295.19 2 0
github.com/layer5io/meshery/mesheryctl/internal/cli/root/system/stop.go:295.19,297.4 1 0
github.com/layer5io/meshery/mesheryctl/internal/cli/root/system/stop.go:299.3,299.17 1 0
github.com/layer5io/meshery/mesheryctl/internal/cli/root/system/stop.go:302.2,302.12 1 0
github.com/layer5io/meshery/mesheryctl/internal/cli/root/system/stop.go:306.67,308.2 1 0
github.com/layer5io/meshery/mesheryctl/internal/cli/root/system/stop.go:310.62,312.2 1 0
github.com/layer5io/meshery/mesheryctl/internal/cli/root/system/stop.go:314.13,318.2 3 1
github.com/layer5io/meshery/mesheryctl/internal/cli/root/system/system.go:40.54,41.21 1 0
github.com/layer5io/meshery/mesheryctl/internal/cli/root/system/system.go:41.21,43.4 1 0
github.com/layer5io/meshery/mesheryctl/internal/cli/root/system/system.go:44.3,44.72 1 0
github.com/layer5io/meshery/mesheryctl/internal/cli/root/system/system.go:44.72,46.4 1 0
github.com/layer5io/meshery/mesheryctl/internal/cli/root/system/system.go:47.3,48.17 2 0
github.com/layer5io/meshery/mesheryctl/internal/cli/root/system/system.go:48.17,50.4 1 0
github.com/layer5io/meshery/mesheryctl/internal/cli/root/system/system.go:51.3,52.13 2 0
github.com/layer5io/meshery/mesheryctl/internal/cli/root/system/system.go:56.13,79.2 4 1
github.com/layer5io/meshery/mesheryctl/internal/cli/root/system/token.go:41.54,42.21 1 0
github.com/layer5io/meshery/mesheryctl/internal/cli/root/system/token.go:42.21,44.4 1 0
github.com/layer5io/meshery/mesheryctl/internal/cli/root/system/token.go:45.3,45.72 1 0
github.com/layer5io/meshery/mesheryctl/internal/cli/root/system/token.go:45.72,47.4 1 0
github.com/layer5io/meshery/mesheryctl/internal/cli/root/system/token.go:48.3,48.13 1 0
github.com/layer5io/meshery/mesheryctl/internal/cli/root/system/token.go:52.49,53.55 1 2
github.com/layer5io/meshery/mesheryctl/internal/cli/root/system/token.go:53.55,54.38 1 7
github.com/layer5io/meshery/mesheryctl/internal/cli/root/system/token.go:54.38,56.4 1 0
github.com/layer5io/meshery/mesheryctl/internal/cli/root/system/token.go:57.3,57.13 1 7
github.com/layer5io/meshery/mesheryctl/internal/cli/root/system/token.go:71.54,73.22 2 6
github.com/layer5io/meshery/mesheryctl/internal/cli/root/system/token.go:73.22,75.4 1 1
github.com/layer5io/meshery/mesheryctl/internal/cli/root/system/token.go:77.3,81.81 2 6
github.com/layer5io/meshery/mesheryctl/internal/cli/root/system/token.go:81.81,83.4 1 2
github.com/layer5io/meshery/mesheryctl/internal/cli/root/system/token.go:84.3,85.10 2 4
github.com/layer5io/meshery/mesheryctl/internal/cli/root/system/token.go:85.10,86.17 1 2
github.com/layer5io/meshery/mesheryctl/internal/cli/root/system/token.go:86.17,88.5 1 1
github.com/layer5io/meshery/mesheryctl/internal/cli/root/system/token.go:89.4,89.90 1 2
github.com/layer5io/meshery/mesheryctl/internal/cli/root/system/token.go:89.90,91.5 1 0
github.com/layer5io/meshery/mesheryctl/internal/cli/root/system/token.go:92.4,92.79 1 2
github.com/layer5io/meshery/mesheryctl/internal/cli/root/system/token.go:94.3,94.13 1 4
github.com/layer5io/meshery/mesheryctl/internal/cli/root/system/token.go:105.54,108.89 2 1
github.com/layer5io/meshery/mesheryctl/internal/cli/root/system/token.go:108.89,110.4 1 0
github.com/layer5io/meshery/mesheryctl/internal/cli/root/system/token.go:111.3,112.13 2 1
github.com/layer5io/meshery/mesheryctl/internal/cli/root/system/token.go:123.54,125.16 2 2
github.com/layer5io/meshery/mesheryctl/internal/cli/root/system/token.go:125.16,127.4 1 0
github.com/layer5io/meshery/mesheryctl/internal/cli/root/system/token.go:129.3,129.89 1 2
github.com/layer5io/meshery/mesheryctl/internal/cli/root/system/token.go:129.89,132.4 1 0
github.com/layer5io/meshery/mesheryctl/internal/cli/root/system/token.go:133.3,134.13 2 2
github.com/layer5io/meshery/mesheryctl/internal/cli/root/system/token.go:145.54,146.69 1 1
github.com/layer5io/meshery/mesheryctl/internal/cli/root/system/token.go:146.69,148.4 1 0
github.com/layer5io/meshery/mesheryctl/internal/cli/root/system/token.go:150.3,152.17 3 1
github.com/layer5io/meshery/mesheryctl/internal/cli/root/system/token.go:152.17,154.4 1 0
github.com/layer5io/meshery/mesheryctl/internal/cli/root/system/token.go:156.3,157.17 2 1
github.com/layer5io/meshery/mesheryctl/internal/cli/root/system/token.go:157.17,159.4 1 0
github.com/layer5io/meshery/mesheryctl/internal/cli/root/system/token.go:160.3,161.42 2 1
github.com/layer5io/meshery/mesheryctl/internal/cli/root/system/token.go:161.42,163.4 1 4
github.com/layer5io/meshery/mesheryctl/internal/cli/root/system/token.go:164.3,164.13 1 1
github.com/layer5io/meshery/mesheryctl/internal/cli/root/system/token.go:175.54,176.69 1 2
github.com/layer5io/meshery/mesheryctl/internal/cli/root/system/token.go:176.69,178.4 1 0
github.com/layer5io/meshery/mesheryctl/internal/cli/root/system/token.go:180.3,182.17 3 2
github.com/layer5io/meshery/mesheryctl/internal/cli/root/system/token.go:182.17,184.4 1 0
github.com/layer5io/meshery/mesheryctl/internal/cli/root/system/token.go:186.3,187.17 2 2
github.com/layer5io/meshery/mesheryctl/internal/cli/root/system/token.go:187.17,189.4 1 0
github.com/layer5io/meshery/mesheryctl/internal/cli/root/system/token.go:190.3,190.20 1 2
github.com/layer5io/meshery/mesheryctl/internal/cli/root/system/token.go:190.20,192.43 2 0
github.com/layer5io/meshery/mesheryctl/internal/cli/root/system/token.go:192.43,195.5 2 0
github.com/layer5io/meshery/mesheryctl/internal/cli/root/system/token.go:196.4,196.14 1 0
github.com/layer5io/meshery/mesheryctl/internal/cli/root/system/token.go:198.3,199.21 2 2
github.com/layer5io/meshery/mesheryctl/internal/cli/root/system/token.go:199.21,201.18 2 1
github.com/layer5io/meshery/mesheryctl/internal/cli/root/system/token.go:201.18,203.5 1 0
github.com/layer5io/meshery/mesheryctl/internal/cli/root/system/token.go:204.4,207.14 4 1
github.com/layer5io/meshery/mesheryctl/internal/cli/root/system/token.go:209.3,211.36 3 1
github.com/layer5io/meshery/mesheryctl/internal/cli/root/system/token.go:211.36,212.27 1 2
github.com/layer5io/meshery/mesheryctl/internal/cli/root/system/token.go:212.27,216.5 3 1
github.com/layer5io/meshery/mesheryctl/internal/cli/root/system/token.go:218.4,218.43 1 1
github.com/layer5io/meshery/mesheryctl/internal/cli/root/system/token.go:221.3,227.17 4 0
github.com/layer5io/meshery/mesheryctl/internal/cli/root/system/token.go:227.17,229.4 1 0
github.com/layer5io/meshery/mesheryctl/internal/cli/root/system/token.go:230.3,232.13 3 0
github.com/layer5io/meshery/mesheryctl/internal/cli/root/system/token.go:236.13,242.2 5 1
github.com/layer5io/meshery/mesheryctl/internal/cli/root/system/update.go:50.57,58.17 3 0
github.com/layer5io/meshery/mesheryctl/internal/cli/root/system/update.go:58.17,60.4 1 0
github.com/layer5io/meshery/mesheryctl/internal/cli/root/system/update.go:61.3,61.39 1 0
github.com/layer5io/meshery/mesheryctl/internal/cli/root/system/update.go:63.54,64.21 1 0
github.com/layer5io/meshery/mesheryctl/internal/cli/root/system/update.go:64.21,66.4 1 0
github.com/layer5io/meshery/mesheryctl/internal/cli/root/system/update.go:68.3,69.17 2 0
github.com/layer5io/meshery/mesheryctl/internal/cli/root/system/update.go:69.17,71.4 1 0
github.com/layer5io/meshery/mesheryctl/internal/cli/root/system/update.go:74.3,74.24 1 0
github.com/layer5io/meshery/mesheryctl/internal/cli/root/system/update.go:74.24,76.18 2 0
github.com/layer5io/meshery/mesheryctl/internal/cli/root/system/update.go:76.18,78.5 1 0
github.com/layer5io/meshery/mesheryctl/internal/cli/root/system/update.go:80.3,81.17 2 0
github.com/layer5io/meshery/mesheryctl/internal/cli/root/system/update.go:81.17,83.4 1 0
github.com/layer5io/meshery/mesheryctl/internal/cli/root/system/update.go:84.3,85.17 2 0
github.com/layer5io/meshery/mesheryctl/internal/cli/root/system/update.go:85.17,87.4 1 0
github.com/layer5io/meshery/mesheryctl/internal/cli/root/system/update.go:88.3,88.39 1 0
github.com/layer5io/meshery/mesheryctl/internal/cli/root/system/update.go:88.39,92.24 3 0
github.com/layer5io/meshery/mesheryctl/internal/cli/root/system/update.go:92.24,94.5 1 0
github.com/layer5io/meshery/mesheryctl/internal/cli/root/system/update.go:94.10,96.5 1 0
github.com/layer5io/meshery/mesheryctl/internal/cli/root/system/update.go:98.4,98.21 1 0
github.com/layer5io/meshery/mesheryctl/internal/cli/root/system/update.go:98.21,101.5 2 0
github.com/layer5io/meshery/mesheryctl/internal/cli/root/system/update.go:102.4,102.32 1 0
github.com/layer5io/meshery/mesheryctl/internal/cli/root/system/update.go:105.3,107.32 2 0
github.com/layer5io/meshery/mesheryctl/internal/cli/root/system/update.go:108.17,111.18 3 0
github.com/layer5io/meshery/mesheryctl/internal/cli/root/system/update.go:111.18,113.5 1 0
github.com/layer5io/meshery/mesheryctl/internal/cli/root/system/update.go:115.4,117.18 2 0
github.com/layer5io/meshery/mesheryctl/internal/cli/root/system/update.go:117.18,119.5 1 0
github.com/layer5io/meshery/mesheryctl/internal/cli/root/system/update.go:121.21,124.18 2 0
github.com/layer5io/meshery/mesheryctl/internal/cli/root/system/update.go:124.18,126.5 1 0
github.com/layer5io/meshery/mesheryctl/internal/cli/root/system/update.go:127.4,129.28 2 0
github.com/layer5io/meshery/mesheryctl/internal/cli/root/system/update.go:129.28,132.112 1 0
github.com/layer5io/meshery/mesheryctl/internal/cli/root/system/update.go:132.112,134.6 1 0
github.com/layer5io/meshery/mesheryctl/internal/cli/root/system/update.go:138.4,145.18 3 0
github.com/layer5io/meshery/mesheryctl/internal/cli/root/system/update.go:145.18,147.5 1 0
github.com/layer5io/meshery/mesheryctl/internal/cli/root/system/update.go:149.4,149.34 1 0
github.com/layer5io/meshery/mesheryctl/internal/cli/root/system/update.go:149.34,151.5 1 0
github.com/layer5io/meshery/mesheryctl/internal/cli/root/system/update.go:153.4,154.18 2 0
github.com/layer5io/meshery/mesheryctl/internal/cli/root/system/update.go:154.18,156.5 1 0
github.com/layer5io/meshery/mesheryctl/internal/cli/root/system/update.go:157.4,157.16 1 0
github.com/layer5io/meshery/mesheryctl/internal/cli/root/system/update.go:157.16,159.35 1 0
github.com/layer5io/meshery/mesheryctl/internal/cli/root/system/update.go:159.35,161.6 1 0
github.com/layer5io/meshery/mesheryctl/internal/cli/root/system/update.go:164.4,166.18 3 0
github.com/layer5io/meshery/mesheryctl/internal/cli/root/system/update.go:166.18,168.5 1 0
github.com/layer5io/meshery/mesheryctl/internal/cli/root/system/update.go:170.4,170.62 1 0
github.com/layer5io/meshery/mesheryctl/internal/cli/root/system/update.go:173.3,174.13 2 0
github.com/layer5io/meshery/mesheryctl/internal/cli/root/system/update.go:176.60,179.17 3 0
github.com/layer5io/meshery/mesheryctl/internal/cli/root/system/update.go:179.17,180.32 1 0
github.com/layer5io/meshery/mesheryctl/internal/cli/root/system/update.go:180.32,183.5 2 0
github.com/layer5io/meshery/mesheryctl/internal/cli/root/system/update.go:184.4,185.25 2 0
github.com/layer5io/meshery/mesheryctl/internal/cli/root/system/update.go:185.25,189.5 3 0
github.com/layer5io/meshery/mesheryctl/internal/cli/root/system/update.go:194.13,196.2 1 1
